Log file open, 10/22/20 13:04:26
LogInit: Display: Running engine for game: MyProject6
LogPlatformFile: Not using cached read wrapper
LogTaskGraph: Started task graph with 5 named threads and 14 total threads with 3 sets of task threads.
LogStats: Stats thread started at 0.187169
LogD3D11RHI: Loaded GFSDK_Aftermath_Lib.x64.dll
LogICUInternationalization: ICU TimeZone Detection - Raw Offset: +10:00, Platform Override: ''
LogPluginManager: Mounting plugin Paper2D
LogPluginManager: Mounting plugin AISupport
LogPluginManager: Mounting plugin LightPropagationVolume
LogPluginManager: Mounting plugin CameraShakePreviewer
LogPluginManager: Mounting plugin ActorLayerUtilities
LogPluginManager: Mounting plugin AnimationSharing
LogPluginManager: Mounting plugin CLionSourceCodeAccess
LogPluginManager: Mounting plugin CodeLiteSourceCodeAccess
LogPluginManager: Mounting plugin GitSourceControl
LogPluginManager: Mounting plugin KDevelopSourceCodeAccess
LogPluginManager: Mounting plugin NullSourceCodeAccess
LogPluginManager: Mounting plugin PerforceSourceControl
LogPluginManager: Mounting plugin PlasticSourceControl
LogPluginManager: Mounting plugin RiderSourceCodeAccess
LogPluginManager: Mounting plugin SubversionSourceControl
LogPluginManager: Mounting plugin UObjectPlugin
LogPluginManager: Mounting plugin VisualStudioCodeSourceCodeAccess
LogPluginManager: Mounting plugin VisualStudioSourceCodeAccess
LogPluginManager: Mounting plugin XCodeSourceCodeAccess
LogPluginManager: Mounting plugin AssetManagerEditor
LogPluginManager: Mounting plugin CryptoKeys
LogPluginManager: Mounting plugin CurveEditorTools
LogPluginManager: Mounting plugin DataValidation
LogPluginManager: Mounting plugin EditorScriptingUtilities
LogPluginManager: Mounting plugin FacialAnimation
LogPluginManager: Mounting plugin GameplayTagsEditor
LogPluginManager: Mounting plugin GeometryMode
LogPluginManager: Mounting plugin MacGraphicsSwitching
LogPluginManager: Mounting plugin MaterialAnalyzer
LogPluginManager: Mounting plugin MobileLauncherProfileWizard
LogPluginManager: Mounting plugin PluginBrowser
LogPluginManager: Mounting plugin SpeedTreeImporter
LogPluginManager: Mounting plugin DatasmithContent
LogPluginManager: Mounting plugin VariantManagerContent
LogPluginManager: Mounting plugin AlembicImporter
LogPluginManager: Mounting plugin AutomationUtils
LogPluginManager: Mounting plugin BackChannel
LogPluginManager: Mounting plugin ChaosCloth
LogPluginManager: Mounting plugin ChaosClothEditor
LogPluginManager: Mounting plugin ChaosEditor
LogPluginManager: Mounting plugin ChaosNiagara
LogPluginManager: Mounting plugin ChaosSolverPlugin
LogPluginManager: Mounting plugin CharacterAI
LogPluginManager: Mounting plugin GeometryCache
LogPluginManager: Mounting plugin GeometryCollectionPlugin
LogPluginManager: Mounting plugin GeometryProcessing
LogPluginManager: Mounting plugin PlanarCut
LogPluginManager: Mounting plugin PlatformCrypto
LogPluginManager: Mounting plugin ProxyLODPlugin
LogPluginManager: Mounting plugin SkeletalReduction
LogPluginManager: Mounting plugin Niagara
LogPluginManager: Mounting plugin MagicLeap
LogPluginManager: Mounting plugin MagicLeapLightEstimation
LogPluginManager: Mounting plugin MagicLeapMedia
LogPluginManager: Mounting plugin MagicLeapPassableWorld
LogPluginManager: Mounting plugin MLSDK
LogPluginManager: Mounting plugin AndroidMedia
LogPluginManager: Mounting plugin AvfMedia
LogPluginManager: Mounting plugin ImgMedia
LogPluginManager: Mounting plugin MediaCompositing
LogPluginManager: Mounting plugin MediaPlayerEditor
LogPluginManager: Mounting plugin WebMMedia
LogPluginManager: Mounting plugin WmfMedia
LogPluginManager: Mounting plugin MeshPainting
LogPluginManager: Mounting plugin TcpMessaging
LogPluginManager: Mounting plugin UdpMessaging
LogPluginManager: Mounting plugin ActorSequence
LogPluginManager: Mounting plugin LevelSequenceEditor
LogPluginManager: Mounting plugin MatineeToLevelSequence
LogPluginManager: Mounting plugin MovieRenderPipeline
LogPluginManager: Mounting plugin TemplateSequence
LogPluginManager: Mounting plugin NetcodeUnitTest
LogPluginManager: Mounting plugin NUTUnrealEngine4
LogPluginManager: Mounting plugin OnlineSubsystemGooglePlay
LogPluginManager: Mounting plugin OnlineSubsystemIOS
LogPluginManager: Mounting plugin OnlineSubsystem
LogPluginManager: Mounting plugin OnlineSubsystemNull
LogPluginManager: Mounting plugin OnlineSubsystemUtils
LogPluginManager: Mounting plugin LauncherChunkInstaller
LogPluginManager: Mounting plugin AndroidDeviceProfileSelector
LogPluginManager: Mounting plugin AndroidMoviePlayer
LogPluginManager: Mounting plugin AndroidPermission
LogPluginManager: Mounting plugin AppleImageUtils
LogPluginManager: Mounting plugin AppleMoviePlayer
LogPluginManager: Mounting plugin ArchVisCharacter
LogPluginManager: Mounting plugin AssetTags
LogPluginManager: Mounting plugin AudioCapture
LogPluginManager: Mounting plugin CableComponent
LogPluginManager: Mounting plugin CustomMeshComponent
LogPluginManager: Mounting plugin EditableMesh
LogPluginManager: Mounting plugin ExampleDeviceProfileSelector
LogPluginManager: Mounting plugin GoogleCloudMessaging
LogPluginManager: Mounting plugin GooglePAD
LogPluginManager: Mounting plugin IOSDeviceProfileSelector
LogPluginManager: Mounting plugin LinuxDeviceProfileSelector
LogPluginManager: Mounting plugin LocationServicesBPLibrary
LogPluginManager: Mounting plugin MobilePatchingUtils
LogPluginManager: Mounting plugin OculusVR
LogPluginManager: Mounting plugin PhysXVehicles
LogPluginManager: Mounting plugin PostSplashScreen
LogPluginManager: Mounting plugin ProceduralMeshComponent
LogPluginManager: Mounting plugin RuntimePhysXCooking
LogPluginManager: Mounting plugin SignificanceManager
LogPluginManager: Mounting plugin SoundFields
LogPluginManager: Mounting plugin SteamVR
LogPluginManager: Mounting plugin Synthesis
LogPluginManager: Mounting plugin WebMMoviePlayer
LogPluginManager: Mounting plugin WindowsMoviePlayer
LogPluginManager: Mounting plugin ScreenshotTools
LogInit: Using libcurl 7.55.1-DEV
LogInit:  - built for x86_64-pc-win32
LogInit:  - supports SSL with OpenSSL/1.1.1
LogInit:  - supports HTTP deflate (compression) using libz 1.2.8
LogInit:  - other features:
LogInit:      CURL_VERSION_SSL
LogInit:      CURL_VERSION_LIBZ
LogInit:      CURL_VERSION_IPV6
LogInit:      CURL_VERSION_ASYNCHDNS
LogInit:      CURL_VERSION_LARGEFILE
LogInit:      CURL_VERSION_IDN
LogInit:  CurlRequestOptions (configurable via config and command line):
LogInit:  - bVerifyPeer = true  - Libcurl will verify peer certificate
LogInit:  - bUseHttpProxy = false  - Libcurl will NOT use HTTP proxy
LogInit:  - bDontReuseConnections = false  - Libcurl will reuse connections
LogInit:  - MaxHostConnections = 16  - Libcurl will limit the number of connections to a host
LogInit:  - LocalHostAddr = Default
LogInit:  - BufferSize = 65536
LogOnline: OSS: Creating online subsystem instance for: NULL
LogInit: WinSock: version 1.1 (2.2), MaxSocks=32767, MaxUdp=65467
LogOnline: OSS: TryLoadSubsystemAndSetDefault: Loaded subsystem for module [NULL]
LogInit: Build: ++UE4+Release-4.25-CL-13942748
LogInit: Engine Version: 4.25.3-13942748+++UE4+Release-4.25
LogInit: Compatible Engine Version: 4.25.0-13144385+++UE4+Release-4.25
LogInit: Net CL: 13144385
LogInit: OS: Windows 10 (Release 1903) (), CPU:        Intel(R) Core(TM) i5-3570K CPU @ 3.40GHz, GPU: NVIDIA GeForce GTX 1660
LogInit: Compiled (64-bit): Jul 25 2020 02:07:48
LogInit: Compiled with Visual C++: 19.24.28315.00
LogInit: Build Configuration: Development
LogInit: Branch Name: ++UE4+Release-4.25
LogInit: Command Line: 
LogInit: Base Directory: C:/Program Files/Epic Games/UE_4.25/Engine/Binaries/Win64/
LogInit: Allocator: TBB
LogInit: Installed Engine Build: 1
LogDevObjectVersion: Number of dev versions registered: 26
LogDevObjectVersion:   Dev-Blueprints (B0D832E4-1F89-4F0D-ACCF-7EB736FD4AA2): 10
LogDevObjectVersion:   Dev-Build (E1C64328-A22C-4D53-A36C-8E866417BD8C): 0
LogDevObjectVersion:   Dev-Core (375EC13C-06E4-48FB-B500-84F0262A717E): 4
LogDevObjectVersion:   Dev-Editor (E4B068ED-F494-42E9-A231-DA0B2E46BB41): 38
LogDevObjectVersion:   Dev-Framework (CFFC743F-43B0-4480-9391-14DF171D2073): 37
LogDevObjectVersion:   Dev-Mobile (B02B49B5-BB20-44E9-A304-32B752E40360): 2
LogDevObjectVersion:   Dev-Networking (A4E4105C-59A1-49B5-A7C5-40C4547EDFEE): 0
LogDevObjectVersion:   Dev-Online (39C831C9-5AE6-47DC-9A44-9C173E1C8E7C): 0
LogDevObjectVersion:   Dev-Physics (78F01B33-EBEA-4F98-B9B4-84EACCB95AA2): 4
LogDevObjectVersion:   Dev-Platform (6631380F-2D4D-43E0-8009-CF276956A95A): 0
LogDevObjectVersion:   Dev-Rendering (12F88B9F-8875-4AFC-A67C-D90C383ABD29): 43
LogDevObjectVersion:   Dev-Sequencer (7B5AE74C-D270-4C10-A958-57980B212A5A): 12
LogDevObjectVersion:   Dev-VR (D7296918-1DD6-4BDD-9DE2-64A83CC13884): 3
LogDevObjectVersion:   Dev-LoadTimes (C2A15278-BFE7-4AFE-6C17-90FF531DF755): 1
LogDevObjectVersion:   Private-Geometry (6EACA3D4-40EC-4CC1-B786-8BED09428FC5): 3
LogDevObjectVersion:   Dev-AnimPhys (29E575DD-E0A3-4627-9D10-D276232CDCEA): 17
LogDevObjectVersion:   Dev-Anim (AF43A65D-7FD3-4947-9873-3E8ED9C1BB05): 7
LogDevObjectVersion:   Dev-ReflectionCapture (6B266CEC-1EC7-4B8F-A30B-E4D90942FC07): 1
LogDevObjectVersion:   Dev-Automation (0DF73D61-A23F-47EA-B727-89E90C41499A): 1
LogDevObjectVersion:   FortniteMain (601D1886-AC64-4F84-AA16-D3DE0DEAC7D6): 31
LogDevObjectVersion:   Dev-Enterprise (9DFFBCD6-494F-0158-E221-12823C92A888): 10
LogDevObjectVersion:   Dev-Niagara (F2AED0AC-9AFE-416F-8664-AA7FFA26D6FC): 1
LogDevObjectVersion:   Dev-Destruction (174F1F0B-B4C6-45A5-B13F-2EE8D0FB917D): 10
LogDevObjectVersion:   Dev-Physics-Ext (35F94A83-E258-406C-A318-09F59610247C): 37
LogDevObjectVersion:   Dev-PhysicsMaterial-Chaos (B68FC16E-8B1B-42E2-B453-215C058844FE): 1
LogDevObjectVersion:   Dev-CineCamera (B2E18506-4273-CFC2-A54E-F4BB758BBA07): 1
LogInit: Presizing for max 25165824 objects, including 0 objects not considered by GC, pre-allocating 0 bytes for permanent pool.
LogConfig: Applying CVar settings from Section [/Script/Engine.StreamingSettings] File [C:/Users/Gryph/Desktop/Endangered-GAD180/MyProject6/Saved/Config/Windows/Engine.ini]
LogConfig: Setting CVar [[s.MinBulkDataSizeForAsyncLoading:131072]]
LogConfig: Setting CVar [[s.AsyncLoadingThreadEnabled:0]]
LogConfig: Setting CVar [[s.EventDrivenLoaderEnabled:1]]
LogConfig: Setting CVar [[s.WarnIfTimeLimitExceeded:0]]
LogConfig: Setting CVar [[s.TimeLimitExceededMultiplier:1.5]]
LogConfig: Setting CVar [[s.TimeLimitExceededMinTime:0.005]]
LogConfig: Setting CVar [[s.UseBackgroundLevelStreaming:1]]
LogConfig: Setting CVar [[s.PriorityAsyncLoadingExtraTime:15.0]]
LogConfig: Setting CVar [[s.LevelStreamingActorsUpdateTimeLimit:5.0]]
LogConfig: Setting CVar [[s.PriorityLevelStreamingActorsUpdateExtraTime:5.0]]
LogConfig: Setting CVar [[s.LevelStreamingComponentsRegistrationGranularity:10]]
LogConfig: Setting CVar [[s.UnregisterComponentsTimeLimit:1.0]]
LogConfig: Setting CVar [[s.LevelStreamingComponentsUnregistrationGranularity:5]]
LogConfig: Setting CVar [[s.FlushStreamingOnExit:1]]
LogInit: Object subsystem initialized
LogConfig: Setting CVar [[con.DebugEarlyDefault:1]]
LogConfig: Setting CVar [[r.setres:1280x720]]
[2020.10.22-02.04.27:276][  0]LogConfig: Setting CVar [[r.VSync:0]]
[2020.10.22-02.04.27:276][  0]LogConfig: Setting CVar [[r.RHICmdBypass:0]]
[2020.10.22-02.04.27:276][  0]LogConfig: Applying CVar settings from Section [/Script/Engine.RendererSettings] File [C:/Users/Gryph/Desktop/Endangered-GAD180/MyProject6/Saved/Config/Windows/Engine.ini]
[2020.10.22-02.04.27:276][  0]LogConfig: Setting CVar [[r.GPUCrashDebugging:0]]
[2020.10.22-02.04.27:276][  0]LogConfig: Applying CVar settings from Section [/Script/Engine.RendererOverrideSettings] File [C:/Users/Gryph/Desktop/Endangered-GAD180/MyProject6/Saved/Config/Windows/Engine.ini]
[2020.10.22-02.04.27:276][  0]LogConfig: Applying CVar settings from Section [/Script/Engine.StreamingSettings] File [C:/Users/Gryph/Desktop/Endangered-GAD180/MyProject6/Saved/Config/Windows/Engine.ini]
[2020.10.22-02.04.27:276][  0]LogConfig: Setting CVar [[s.MinBulkDataSizeForAsyncLoading:131072]]
[2020.10.22-02.04.27:276][  0]LogConfig: Setting CVar [[s.AsyncLoadingThreadEnabled:0]]
[2020.10.22-02.04.27:276][  0]LogConfig: Setting CVar [[s.EventDrivenLoaderEnabled:1]]
[2020.10.22-02.04.27:276][  0]LogConfig: Setting CVar [[s.WarnIfTimeLimitExceeded:0]]
[2020.10.22-02.04.27:276][  0]LogConfig: Setting CVar [[s.TimeLimitExceededMultiplier:1.5]]
[2020.10.22-02.04.27:276][  0]LogConfig: Setting CVar [[s.TimeLimitExceededMinTime:0.005]]
[2020.10.22-02.04.27:276][  0]LogConfig: Setting CVar [[s.UseBackgroundLevelStreaming:1]]
[2020.10.22-02.04.27:276][  0]LogConfig: Setting CVar [[s.PriorityAsyncLoadingExtraTime:15.0]]
[2020.10.22-02.04.27:276][  0]LogConfig: Setting CVar [[s.LevelStreamingActorsUpdateTimeLimit:5.0]]
[2020.10.22-02.04.27:276][  0]LogConfig: Setting CVar [[s.PriorityLevelStreamingActorsUpdateExtraTime:5.0]]
[2020.10.22-02.04.27:276][  0]LogConfig: Setting CVar [[s.LevelStreamingComponentsRegistrationGranularity:10]]
[2020.10.22-02.04.27:276][  0]LogConfig: Setting CVar [[s.UnregisterComponentsTimeLimit:1.0]]
[2020.10.22-02.04.27:276][  0]LogConfig: Setting CVar [[s.LevelStreamingComponentsUnregistrationGranularity:5]]
[2020.10.22-02.04.27:276][  0]LogConfig: Setting CVar [[s.FlushStreamingOnExit:1]]
[2020.10.22-02.04.27:276][  0]LogConfig: Applying CVar settings from Section [/Script/Engine.GarbageCollectionSettings] File [C:/Users/Gryph/Desktop/Endangered-GAD180/MyProject6/Saved/Config/Windows/Engine.ini]
[2020.10.22-02.04.27:276][  0]LogConfig: Setting CVar [[gc.MaxObjectsNotConsideredByGC:1]]
[2020.10.22-02.04.27:276][  0]LogConfig: Setting CVar [[gc.SizeOfPermanentObjectPool:0]]
[2020.10.22-02.04.27:276][  0]LogConfig: Setting CVar [[gc.FlushStreamingOnGC:0]]
[2020.10.22-02.04.27:277][  0]LogConfig: Setting CVar [[gc.NumRetriesBeforeForcingGC:10]]
[2020.10.22-02.04.27:277][  0]LogConfig: Setting CVar [[gc.AllowParallelGC:1]]
[2020.10.22-02.04.27:277][  0]LogConfig: Setting CVar [[gc.TimeBetweenPurgingPendingKillObjects:61.1]]
[2020.10.22-02.04.27:277][  0]LogConfig: Setting CVar [[gc.MaxObjectsInEditor:25165824]]
[2020.10.22-02.04.27:277][  0]LogConfig: Setting CVar [[gc.IncrementalBeginDestroyEnabled:1]]
[2020.10.22-02.04.27:277][  0]LogConfig: Setting CVar [[gc.CreateGCClusters:1]]
[2020.10.22-02.04.27:277][  0]LogConfig: Setting CVar [[gc.MinGCClusterSize:5]]
[2020.10.22-02.04.27:277][  0]LogConfig: Setting CVar [[gc.ActorClusteringEnabled:0]]
[2020.10.22-02.04.27:277][  0]LogConfig: Setting CVar [[gc.BlueprintClusteringEnabled:0]]
[2020.10.22-02.04.27:277][  0]LogConfig: Setting CVar [[gc.UseDisregardForGCOnDedicatedServers:0]]
[2020.10.22-02.04.27:277][  0]LogConfig: Applying CVar settings from Section [/Script/Engine.NetworkSettings] File [C:/Users/Gryph/Desktop/Endangered-GAD180/MyProject6/Saved/Config/Windows/Engine.ini]
[2020.10.22-02.04.27:277][  0]LogConfig: Applying CVar settings from Section [/Script/UnrealEd.CookerSettings] File [C:/Users/Gryph/Desktop/Endangered-GAD180/MyProject6/Saved/Config/Windows/Engine.ini]
[2020.10.22-02.04.27:280][  0]LogConfig: Applying CVar settings from Section [ViewDistanceQuality@3] File [C:/Users/Gryph/Desktop/Endangered-GAD180/MyProject6/Saved/Config/Windows/Scalability.ini]
[2020.10.22-02.04.27:280][  0]LogConfig: Setting CVar [[r.SkeletalMeshLODBias:0]]
[2020.10.22-02.04.27:280][  0]LogConfig: Setting CVar [[r.ViewDistanceScale:1.0]]
[2020.10.22-02.04.27:280][  0]LogConfig: Applying CVar settings from Section [AntiAliasingQuality@3] File [C:/Users/Gryph/Desktop/Endangered-GAD180/MyProject6/Saved/Config/Windows/Scalability.ini]
[2020.10.22-02.04.27:280][  0]LogConfig: Setting CVar [[r.PostProcessAAQuality:4]]
[2020.10.22-02.04.27:280][  0]LogConfig: Applying CVar settings from Section [ShadowQuality@3] File [C:/Users/Gryph/Desktop/Endangered-GAD180/MyProject6/Saved/Config/Windows/Scalability.ini]
[2020.10.22-02.04.27:280][  0]LogConfig: Setting CVar [[r.LightFunctionQuality:1]]
[2020.10.22-02.04.27:280][  0]LogConfig: Setting CVar [[r.ShadowQuality:5]]
[2020.10.22-02.04.27:280][  0]LogConfig: Setting CVar [[r.Shadow.CSM.MaxCascades:10]]
[2020.10.22-02.04.27:280][  0]LogConfig: Setting CVar [[r.Shadow.MaxResolution:2048]]
[2020.10.22-02.04.27:280][  0]LogConfig: Setting CVar [[r.Shadow.MaxCSMResolution:2048]]
[2020.10.22-02.04.27:280][  0]LogConfig: Setting CVar [[r.Shadow.RadiusThreshold:0.01]]
[2020.10.22-02.04.27:280][  0]LogConfig: Setting CVar [[r.Shadow.DistanceScale:1.0]]
[2020.10.22-02.04.27:280][  0]LogConfig: Setting CVar [[r.Shadow.CSM.TransitionScale:1.0]]
[2020.10.22-02.04.27:280][  0]LogConfig: Setting CVar [[r.Shadow.PreShadowResolutionFactor:1.0]]
[2020.10.22-02.04.27:280][  0]LogConfig: Setting CVar [[r.DistanceFieldShadowing:1]]
[2020.10.22-02.04.27:280][  0]LogConfig: Setting CVar [[r.DistanceFieldAO:1]]
[2020.10.22-02.04.27:280][  0]LogConfig: Setting CVar [[r.AOQuality:2]]
[2020.10.22-02.04.27:280][  0]LogConfig: Setting CVar [[r.VolumetricFog:1]]
[2020.10.22-02.04.27:280][  0]LogConfig: Setting CVar [[r.VolumetricFog.GridPixelSize:8]]
[2020.10.22-02.04.27:280][  0]LogConfig: Setting CVar [[r.VolumetricFog.GridSizeZ:128]]
[2020.10.22-02.04.27:280][  0]LogConfig: Setting CVar [[r.VolumetricFog.HistoryMissSupersampleCount:4]]
[2020.10.22-02.04.27:280][  0]LogConfig: Setting CVar [[r.LightMaxDrawDistanceScale:1]]
[2020.10.22-02.04.27:280][  0]LogConfig: Setting CVar [[r.CapsuleShadows:1]]
[2020.10.22-02.04.27:280][  0]LogConfig: Applying CVar settings from Section [PostProcessQuality@3] File [C:/Users/Gryph/Desktop/Endangered-GAD180/MyProject6/Saved/Config/Windows/Scalability.ini]
[2020.10.22-02.04.27:280][  0]LogConfig: Setting CVar [[r.MotionBlurQuality:4]]
[2020.10.22-02.04.27:280][  0]LogConfig: Setting CVar [[r.AmbientOcclusionMipLevelFactor:0.4]]
[2020.10.22-02.04.27:280][  0]LogConfig: Setting CVar [[r.AmbientOcclusionMaxQuality:100]]
[2020.10.22-02.04.27:280][  0]LogConfig: Setting CVar [[r.AmbientOcclusionLevels:-1]]
[2020.10.22-02.04.27:280][  0]LogConfig: Setting CVar [[r.AmbientOcclusionRadiusScale:1.0]]
[2020.10.22-02.04.27:280][  0]LogConfig: Setting CVar [[r.DepthOfFieldQuality:2]]
[2020.10.22-02.04.27:280][  0]LogConfig: Setting CVar [[r.RenderTargetPoolMin:400]]
[2020.10.22-02.04.27:280][  0]LogConfig: Setting CVar [[r.LensFlareQuality:2]]
[2020.10.22-02.04.27:280][  0]LogConfig: Setting CVar [[r.SceneColorFringeQuality:1]]
[2020.10.22-02.04.27:280][  0]LogConfig: Setting CVar [[r.EyeAdaptationQuality:2]]
[2020.10.22-02.04.27:280][  0]LogConfig: Setting CVar [[r.BloomQuality:5]]
[2020.10.22-02.04.27:280][  0]LogConfig: Setting CVar [[r.FastBlurThreshold:100]]
[2020.10.22-02.04.27:280][  0]LogConfig: Setting CVar [[r.Upscale.Quality:3]]
[2020.10.22-02.04.27:280][  0]LogConfig: Setting CVar [[r.Tonemapper.GrainQuantization:1]]
[2020.10.22-02.04.27:280][  0]LogConfig: Setting CVar [[r.LightShaftQuality:1]]
[2020.10.22-02.04.27:280][  0]LogConfig: Setting CVar [[r.Filter.SizeScale:1]]
[2020.10.22-02.04.27:280][  0]LogConfig: Setting CVar [[r.Tonemapper.Quality:5]]
[2020.10.22-02.04.27:280][  0]LogConfig: Setting CVar [[r.DOF.Gather.AccumulatorQuality:1        ; higher gathering accumulator quality]]
[2020.10.22-02.04.27:280][  0]LogConfig: Setting CVar [[r.DOF.Gather.PostfilterMethod:1          ; Median3x3 postfilering method]]
[2020.10.22-02.04.27:280][  0]LogConfig: Setting CVar [[r.DOF.Gather.EnableBokehSettings:0       ; no bokeh simulation when gathering]]
[2020.10.22-02.04.27:280][  0]LogConfig: Setting CVar [[r.DOF.Gather.RingCount:4                 ; medium number of samples when gathering]]
[2020.10.22-02.04.27:280][  0]LogConfig: Setting CVar [[r.DOF.Scatter.ForegroundCompositing:1    ; additive foreground scattering]]
[2020.10.22-02.04.27:280][  0]LogConfig: Setting CVar [[r.DOF.Scatter.BackgroundCompositing:2    ; additive background scattering]]
[2020.10.22-02.04.27:280][  0]LogConfig: Setting CVar [[r.DOF.Scatter.EnableBokehSettings:1      ; bokeh simulation when scattering]]
[2020.10.22-02.04.27:280][  0]LogConfig: Setting CVar [[r.DOF.Scatter.MaxSpriteRatio:0.1         ; only a maximum of 10% of scattered bokeh]]
[2020.10.22-02.04.27:280][  0]LogConfig: Setting CVar [[r.DOF.Recombine.Quality:1                ; cheap slight out of focus]]
[2020.10.22-02.04.27:280][  0]LogConfig: Setting CVar [[r.DOF.Recombine.EnableBokehSettings:0    ; no bokeh simulation on slight out of focus]]
[2020.10.22-02.04.27:280][  0]LogConfig: Setting CVar [[r.DOF.TemporalAAQuality:1                ; more stable temporal accumulation]]
[2020.10.22-02.04.27:280][  0]LogConfig: Setting CVar [[r.DOF.Kernel.MaxForegroundRadius:0.025]]
[2020.10.22-02.04.27:280][  0]LogConfig: Setting CVar [[r.DOF.Kernel.MaxBackgroundRadius:0.025]]
[2020.10.22-02.04.27:280][  0]LogConfig: Applying CVar settings from Section [TextureQuality@3] File [C:/Users/Gryph/Desktop/Endangered-GAD180/MyProject6/Saved/Config/Windows/Scalability.ini]
[2020.10.22-02.04.27:280][  0]LogConfig: Setting CVar [[r.Streaming.MipBias:0]]
[2020.10.22-02.04.27:281][  0]LogConfig: Setting CVar [[r.Streaming.AmortizeCPUToGPUCopy:0]]
[2020.10.22-02.04.27:281][  0]LogConfig: Setting CVar [[r.Streaming.MaxNumTexturesToStreamPerFrame:0]]
[2020.10.22-02.04.27:281][  0]LogConfig: Setting CVar [[r.Streaming.Boost:1]]
[2020.10.22-02.04.27:281][  0]LogConfig: Setting CVar [[r.MaxAnisotropy:8]]
[2020.10.22-02.04.27:281][  0]LogConfig: Setting CVar [[r.VT.MaxAnisotropy:8]]
[2020.10.22-02.04.27:281][  0]LogConfig: Setting CVar [[r.Streaming.LimitPoolSizeToVRAM:0]]
[2020.10.22-02.04.27:281][  0]LogConfig: Setting CVar [[r.Streaming.PoolSize:1000]]
[2020.10.22-02.04.27:281][  0]LogConfig: Setting CVar [[r.Streaming.MaxEffectiveScreenSize:0]]
[2020.10.22-02.04.27:281][  0]LogConfig: Applying CVar settings from Section [EffectsQuality@3] File [C:/Users/Gryph/Desktop/Endangered-GAD180/MyProject6/Saved/Config/Windows/Scalability.ini]
[2020.10.22-02.04.27:281][  0]LogConfig: Setting CVar [[r.TranslucencyLightingVolumeDim:64]]
[2020.10.22-02.04.27:281][  0]LogConfig: Setting CVar [[r.RefractionQuality:2]]
[2020.10.22-02.04.27:281][  0]LogConfig: Setting CVar [[r.SSR.Quality:3]]
[2020.10.22-02.04.27:281][  0]LogConfig: Setting CVar [[r.SSR.HalfResSceneColor:0]]
[2020.10.22-02.04.27:281][  0]LogConfig: Setting CVar [[r.SceneColorFormat:4]]
[2020.10.22-02.04.27:281][  0]LogConfig: Setting CVar [[r.DetailMode:2]]
[2020.10.22-02.04.27:281][  0]LogConfig: Setting CVar [[r.TranslucencyVolumeBlur:1]]
[2020.10.22-02.04.27:281][  0]LogConfig: Setting CVar [[r.MaterialQualityLevel:1 ; High quality]]
[2020.10.22-02.04.27:281][  0]LogConfig: Setting CVar [[r.SSS.Scale:1]]
[2020.10.22-02.04.27:281][  0]LogConfig: Setting CVar [[r.SSS.SampleSet:2]]
[2020.10.22-02.04.27:281][  0]LogConfig: Setting CVar [[r.SSS.Quality:1]]
[2020.10.22-02.04.27:281][  0]LogConfig: Setting CVar [[r.SSS.HalfRes:0]]
[2020.10.22-02.04.27:281][  0]LogConfig: Setting CVar [[r.SSGI.Quality:3]]
[2020.10.22-02.04.27:281][  0]LogConfig: Setting CVar [[r.EmitterSpawnRateScale:1.0]]
[2020.10.22-02.04.27:281][  0]LogConfig: Setting CVar [[r.ParticleLightQuality:2]]
[2020.10.22-02.04.27:281][  0]LogConfig: Setting CVar [[r.SkyAtmosphere.AerialPerspectiveLUT.FastApplyOnOpaque:1 ; Always have FastSkyLUT 1 in this case to avoid wrong sky]]
[2020.10.22-02.04.27:281][  0]LogConfig: Setting CVar [[r.SkyAtmosphere.AerialPerspectiveLUT.SampleCountPerSlice:1]]
[2020.10.22-02.04.27:281][  0]LogConfig: Setting CVar [[r.SkyAtmosphere.AerialPerspectiveLUT.DepthResolution:16.0]]
[2020.10.22-02.04.27:281][  0]LogConfig: Setting CVar [[r.SkyAtmosphere.FastSkyLUT:1]]
[2020.10.22-02.04.27:281][  0]LogConfig: Setting CVar [[r.SkyAtmosphere.FastSkyLUT.SampleCountMin:4.0]]
[2020.10.22-02.04.27:281][  0]LogConfig: Setting CVar [[r.SkyAtmosphere.FastSkyLUT.SampleCountMax:32.0]]
[2020.10.22-02.04.27:281][  0]LogConfig: Setting CVar [[r.SkyAtmosphere.SampleCountMin:4.0]]
[2020.10.22-02.04.27:281][  0]LogConfig: Setting CVar [[r.SkyAtmosphere.SampleCountMax:32.0]]
[2020.10.22-02.04.27:281][  0]LogConfig: Setting CVar [[r.SkyAtmosphere.TransmittanceLUT.UseSmallFormat:0]]
[2020.10.22-02.04.27:281][  0]LogConfig: Setting CVar [[r.SkyAtmosphere.TransmittanceLUT.SampleCount:10.0]]
[2020.10.22-02.04.27:281][  0]LogConfig: Setting CVar [[r.SkyAtmosphere.MultiScatteringLUT.SampleCount:15.0]]
[2020.10.22-02.04.27:281][  0]LogConfig: Applying CVar settings from Section [FoliageQuality@3] File [C:/Users/Gryph/Desktop/Endangered-GAD180/MyProject6/Saved/Config/Windows/Scalability.ini]
[2020.10.22-02.04.27:281][  0]LogConfig: Setting CVar [[foliage.DensityScale:1.0]]
[2020.10.22-02.04.27:281][  0]LogConfig: Setting CVar [[grass.DensityScale:1.0]]
[2020.10.22-02.04.27:281][  0]LogConfig: Applying CVar settings from Section [ShadingQuality@3] File [C:/Users/Gryph/Desktop/Endangered-GAD180/MyProject6/Saved/Config/Windows/Scalability.ini]
[2020.10.22-02.04.27:281][  0]LogConfig: Setting CVar [[r.HairStrands.SkyLighting.SampleCount:16]]
[2020.10.22-02.04.27:281][  0]LogConfig: Setting CVar [[r.HairStrands.SkyLighting.JitterIntegration:0]]
[2020.10.22-02.04.27:281][  0]LogConfig: Setting CVar [[r.HairStrands.SkyAO.SampleCount:16]]
[2020.10.22-02.04.27:281][  0]LogConfig: Setting CVar [[r.HairStrands.DeepShadow.SuperSampling:0]]
[2020.10.22-02.04.27:281][  0]LogConfig: Setting CVar [[r.HairStrands.VisibilityPPLL:0]]
[2020.10.22-02.04.27:281][  0]LogConfig: Setting CVar [[r.HairStrands.RasterizationScale:0.5]]
[2020.10.22-02.04.27:281][  0]LogConfig: Setting CVar [[r.HairStrands.VelocityRasterizationScale:1]]
[2020.10.22-02.04.27:281][  0]LogInit: Selected Device Profile: [Windows]
[2020.10.22-02.04.27:281][  0]LogInit: Applying CVar settings loaded from the selected device profile: [Windows]
[2020.10.22-02.04.27:281][  0]LogHAL: Display: Platform has ~ 16 GB [17059139584 / 17179869184 / 16], which maps to Larger [LargestMinGB=32, LargerMinGB=12, DefaultMinGB=8, SmallerMinGB=6, SmallestMinGB=0)
[2020.10.22-02.04.27:281][  0]LogInit: Going up to parent DeviceProfile []
[2020.10.22-02.04.27:281][  0]LogConfig: Applying CVar settings from Section [ViewDistanceQuality@3] File [C:/Users/Gryph/Desktop/Endangered-GAD180/MyProject6/Saved/Config/Windows/Scalability.ini]
[2020.10.22-02.04.27:281][  0]LogConfig: Setting CVar [[r.SkeletalMeshLODBias:0]]
[2020.10.22-02.04.27:281][  0]LogConfig: Setting CVar [[r.ViewDistanceScale:1.0]]
[2020.10.22-02.04.27:281][  0]LogConfig: Applying CVar settings from Section [AntiAliasingQuality@3] File [C:/Users/Gryph/Desktop/Endangered-GAD180/MyProject6/Saved/Config/Windows/Scalability.ini]
[2020.10.22-02.04.27:281][  0]LogConfig: Setting CVar [[r.PostProcessAAQuality:4]]
[2020.10.22-02.04.27:281][  0]LogConfig: Applying CVar settings from Section [ShadowQuality@3] File [C:/Users/Gryph/Desktop/Endangered-GAD180/MyProject6/Saved/Config/Windows/Scalability.ini]
[2020.10.22-02.04.27:281][  0]LogConfig: Setting CVar [[r.LightFunctionQuality:1]]
[2020.10.22-02.04.27:281][  0]LogConfig: Setting CVar [[r.ShadowQuality:5]]
[2020.10.22-02.04.27:281][  0]LogConfig: Setting CVar [[r.Shadow.CSM.MaxCascades:10]]
[2020.10.22-02.04.27:281][  0]LogConfig: Setting CVar [[r.Shadow.MaxResolution:2048]]
[2020.10.22-02.04.27:282][  0]LogConfig: Setting CVar [[r.Shadow.MaxCSMResolution:2048]]
[2020.10.22-02.04.27:282][  0]LogConfig: Setting CVar [[r.Shadow.RadiusThreshold:0.01]]
[2020.10.22-02.04.27:282][  0]LogConfig: Setting CVar [[r.Shadow.DistanceScale:1.0]]
[2020.10.22-02.04.27:282][  0]LogConfig: Setting CVar [[r.Shadow.CSM.TransitionScale:1.0]]
[2020.10.22-02.04.27:282][  0]LogConfig: Setting CVar [[r.Shadow.PreShadowResolutionFactor:1.0]]
[2020.10.22-02.04.27:282][  0]LogConfig: Setting CVar [[r.DistanceFieldShadowing:1]]
[2020.10.22-02.04.27:282][  0]LogConfig: Setting CVar [[r.DistanceFieldAO:1]]
[2020.10.22-02.04.27:282][  0]LogConfig: Setting CVar [[r.AOQuality:2]]
[2020.10.22-02.04.27:282][  0]LogConfig: Setting CVar [[r.VolumetricFog:1]]
[2020.10.22-02.04.27:282][  0]LogConfig: Setting CVar [[r.VolumetricFog.GridPixelSize:8]]
[2020.10.22-02.04.27:282][  0]LogConfig: Setting CVar [[r.VolumetricFog.GridSizeZ:128]]
[2020.10.22-02.04.27:282][  0]LogConfig: Setting CVar [[r.VolumetricFog.HistoryMissSupersampleCount:4]]
[2020.10.22-02.04.27:282][  0]LogConfig: Setting CVar [[r.LightMaxDrawDistanceScale:1]]
[2020.10.22-02.04.27:282][  0]LogConfig: Setting CVar [[r.CapsuleShadows:1]]
[2020.10.22-02.04.27:282][  0]LogConfig: Applying CVar settings from Section [PostProcessQuality@3] File [C:/Users/Gryph/Desktop/Endangered-GAD180/MyProject6/Saved/Config/Windows/Scalability.ini]
[2020.10.22-02.04.27:282][  0]LogConfig: Setting CVar [[r.MotionBlurQuality:4]]
[2020.10.22-02.04.27:282][  0]LogConfig: Setting CVar [[r.AmbientOcclusionMipLevelFactor:0.4]]
[2020.10.22-02.04.27:282][  0]LogConfig: Setting CVar [[r.AmbientOcclusionMaxQuality:100]]
[2020.10.22-02.04.27:282][  0]LogConfig: Setting CVar [[r.AmbientOcclusionLevels:-1]]
[2020.10.22-02.04.27:282][  0]LogConfig: Setting CVar [[r.AmbientOcclusionRadiusScale:1.0]]
[2020.10.22-02.04.27:282][  0]LogConfig: Setting CVar [[r.DepthOfFieldQuality:2]]
[2020.10.22-02.04.27:282][  0]LogConfig: Setting CVar [[r.RenderTargetPoolMin:400]]
[2020.10.22-02.04.27:282][  0]LogConfig: Setting CVar [[r.LensFlareQuality:2]]
[2020.10.22-02.04.27:282][  0]LogConfig: Setting CVar [[r.SceneColorFringeQuality:1]]
[2020.10.22-02.04.27:282][  0]LogConfig: Setting CVar [[r.EyeAdaptationQuality:2]]
[2020.10.22-02.04.27:282][  0]LogConfig: Setting CVar [[r.BloomQuality:5]]
[2020.10.22-02.04.27:282][  0]LogConfig: Setting CVar [[r.FastBlurThreshold:100]]
[2020.10.22-02.04.27:282][  0]LogConfig: Setting CVar [[r.Upscale.Quality:3]]
[2020.10.22-02.04.27:282][  0]LogConfig: Setting CVar [[r.Tonemapper.GrainQuantization:1]]
[2020.10.22-02.04.27:282][  0]LogConfig: Setting CVar [[r.LightShaftQuality:1]]
[2020.10.22-02.04.27:282][  0]LogConfig: Setting CVar [[r.Filter.SizeScale:1]]
[2020.10.22-02.04.27:282][  0]LogConfig: Setting CVar [[r.Tonemapper.Quality:5]]
[2020.10.22-02.04.27:282][  0]LogConfig: Setting CVar [[r.DOF.Gather.AccumulatorQuality:1        ; higher gathering accumulator quality]]
[2020.10.22-02.04.27:282][  0]LogConfig: Setting CVar [[r.DOF.Gather.PostfilterMethod:1          ; Median3x3 postfilering method]]
[2020.10.22-02.04.27:282][  0]LogConfig: Setting CVar [[r.DOF.Gather.EnableBokehSettings:0       ; no bokeh simulation when gathering]]
[2020.10.22-02.04.27:282][  0]LogConfig: Setting CVar [[r.DOF.Gather.RingCount:4                 ; medium number of samples when gathering]]
[2020.10.22-02.04.27:282][  0]LogConfig: Setting CVar [[r.DOF.Scatter.ForegroundCompositing:1    ; additive foreground scattering]]
[2020.10.22-02.04.27:282][  0]LogConfig: Setting CVar [[r.DOF.Scatter.BackgroundCompositing:2    ; additive background scattering]]
[2020.10.22-02.04.27:282][  0]LogConfig: Setting CVar [[r.DOF.Scatter.EnableBokehSettings:1      ; bokeh simulation when scattering]]
[2020.10.22-02.04.27:282][  0]LogConfig: Setting CVar [[r.DOF.Scatter.MaxSpriteRatio:0.1         ; only a maximum of 10% of scattered bokeh]]
[2020.10.22-02.04.27:282][  0]LogConfig: Setting CVar [[r.DOF.Recombine.Quality:1                ; cheap slight out of focus]]
[2020.10.22-02.04.27:282][  0]LogConfig: Setting CVar [[r.DOF.Recombine.EnableBokehSettings:0    ; no bokeh simulation on slight out of focus]]
[2020.10.22-02.04.27:282][  0]LogConfig: Setting CVar [[r.DOF.TemporalAAQuality:1                ; more stable temporal accumulation]]
[2020.10.22-02.04.27:282][  0]LogConfig: Setting CVar [[r.DOF.Kernel.MaxForegroundRadius:0.025]]
[2020.10.22-02.04.27:282][  0]LogConfig: Setting CVar [[r.DOF.Kernel.MaxBackgroundRadius:0.025]]
[2020.10.22-02.04.27:282][  0]LogConfig: Applying CVar settings from Section [TextureQuality@3] File [C:/Users/Gryph/Desktop/Endangered-GAD180/MyProject6/Saved/Config/Windows/Scalability.ini]
[2020.10.22-02.04.27:282][  0]LogConfig: Setting CVar [[r.Streaming.MipBias:0]]
[2020.10.22-02.04.27:282][  0]LogConfig: Setting CVar [[r.Streaming.AmortizeCPUToGPUCopy:0]]
[2020.10.22-02.04.27:282][  0]LogConfig: Setting CVar [[r.Streaming.MaxNumTexturesToStreamPerFrame:0]]
[2020.10.22-02.04.27:282][  0]LogConfig: Setting CVar [[r.Streaming.Boost:1]]
[2020.10.22-02.04.27:282][  0]LogConfig: Setting CVar [[r.MaxAnisotropy:8]]
[2020.10.22-02.04.27:282][  0]LogConfig: Setting CVar [[r.VT.MaxAnisotropy:8]]
[2020.10.22-02.04.27:282][  0]LogConfig: Setting CVar [[r.Streaming.LimitPoolSizeToVRAM:0]]
[2020.10.22-02.04.27:282][  0]LogConfig: Setting CVar [[r.Streaming.PoolSize:1000]]
[2020.10.22-02.04.27:282][  0]LogConfig: Setting CVar [[r.Streaming.MaxEffectiveScreenSize:0]]
[2020.10.22-02.04.27:282][  0]LogConfig: Applying CVar settings from Section [EffectsQuality@3] File [C:/Users/Gryph/Desktop/Endangered-GAD180/MyProject6/Saved/Config/Windows/Scalability.ini]
[2020.10.22-02.04.27:282][  0]LogConfig: Setting CVar [[r.TranslucencyLightingVolumeDim:64]]
[2020.10.22-02.04.27:282][  0]LogConfig: Setting CVar [[r.RefractionQuality:2]]
[2020.10.22-02.04.27:282][  0]LogConfig: Setting CVar [[r.SSR.Quality:3]]
[2020.10.22-02.04.27:282][  0]LogConfig: Setting CVar [[r.SSR.HalfResSceneColor:0]]
[2020.10.22-02.04.27:282][  0]LogConfig: Setting CVar [[r.SceneColorFormat:4]]
[2020.10.22-02.04.27:282][  0]LogConfig: Setting CVar [[r.DetailMode:2]]
[2020.10.22-02.04.27:282][  0]LogConfig: Setting CVar [[r.TranslucencyVolumeBlur:1]]
[2020.10.22-02.04.27:282][  0]LogConfig: Setting CVar [[r.MaterialQualityLevel:1 ; High quality]]
[2020.10.22-02.04.27:282][  0]LogConfig: Setting CVar [[r.SSS.Scale:1]]
[2020.10.22-02.04.27:282][  0]LogConfig: Setting CVar [[r.SSS.SampleSet:2]]
[2020.10.22-02.04.27:282][  0]LogConfig: Setting CVar [[r.SSS.Quality:1]]
[2020.10.22-02.04.27:282][  0]LogConfig: Setting CVar [[r.SSS.HalfRes:0]]
[2020.10.22-02.04.27:282][  0]LogConfig: Setting CVar [[r.SSGI.Quality:3]]
[2020.10.22-02.04.27:282][  0]LogConfig: Setting CVar [[r.EmitterSpawnRateScale:1.0]]
[2020.10.22-02.04.27:283][  0]LogConfig: Setting CVar [[r.ParticleLightQuality:2]]
[2020.10.22-02.04.27:283][  0]LogConfig: Setting CVar [[r.SkyAtmosphere.AerialPerspectiveLUT.FastApplyOnOpaque:1 ; Always have FastSkyLUT 1 in this case to avoid wrong sky]]
[2020.10.22-02.04.27:283][  0]LogConfig: Setting CVar [[r.SkyAtmosphere.AerialPerspectiveLUT.SampleCountPerSlice:1]]
[2020.10.22-02.04.27:283][  0]LogConfig: Setting CVar [[r.SkyAtmosphere.AerialPerspectiveLUT.DepthResolution:16.0]]
[2020.10.22-02.04.27:283][  0]LogConfig: Setting CVar [[r.SkyAtmosphere.FastSkyLUT:1]]
[2020.10.22-02.04.27:283][  0]LogConfig: Setting CVar [[r.SkyAtmosphere.FastSkyLUT.SampleCountMin:4.0]]
[2020.10.22-02.04.27:283][  0]LogConfig: Setting CVar [[r.SkyAtmosphere.FastSkyLUT.SampleCountMax:32.0]]
[2020.10.22-02.04.27:283][  0]LogConfig: Setting CVar [[r.SkyAtmosphere.SampleCountMin:4.0]]
[2020.10.22-02.04.27:283][  0]LogConfig: Setting CVar [[r.SkyAtmosphere.SampleCountMax:32.0]]
[2020.10.22-02.04.27:283][  0]LogConfig: Setting CVar [[r.SkyAtmosphere.TransmittanceLUT.UseSmallFormat:0]]
[2020.10.22-02.04.27:283][  0]LogConfig: Setting CVar [[r.SkyAtmosphere.TransmittanceLUT.SampleCount:10.0]]
[2020.10.22-02.04.27:283][  0]LogConfig: Setting CVar [[r.SkyAtmosphere.MultiScatteringLUT.SampleCount:15.0]]
[2020.10.22-02.04.27:283][  0]LogConfig: Applying CVar settings from Section [FoliageQuality@3] File [C:/Users/Gryph/Desktop/Endangered-GAD180/MyProject6/Saved/Config/Windows/Scalability.ini]
[2020.10.22-02.04.27:283][  0]LogConfig: Setting CVar [[foliage.DensityScale:1.0]]
[2020.10.22-02.04.27:283][  0]LogConfig: Setting CVar [[grass.DensityScale:1.0]]
[2020.10.22-02.04.27:283][  0]LogConfig: Applying CVar settings from Section [ShadingQuality@3] File [C:/Users/Gryph/Desktop/Endangered-GAD180/MyProject6/Saved/Config/Windows/Scalability.ini]
[2020.10.22-02.04.27:283][  0]LogConfig: Setting CVar [[r.HairStrands.SkyLighting.SampleCount:16]]
[2020.10.22-02.04.27:283][  0]LogConfig: Setting CVar [[r.HairStrands.SkyLighting.JitterIntegration:0]]
[2020.10.22-02.04.27:283][  0]LogConfig: Setting CVar [[r.HairStrands.SkyAO.SampleCount:16]]
[2020.10.22-02.04.27:283][  0]LogConfig: Setting CVar [[r.HairStrands.DeepShadow.SuperSampling:0]]
[2020.10.22-02.04.27:283][  0]LogConfig: Setting CVar [[r.HairStrands.VisibilityPPLL:0]]
[2020.10.22-02.04.27:283][  0]LogConfig: Setting CVar [[r.HairStrands.RasterizationScale:0.5]]
[2020.10.22-02.04.27:283][  0]LogConfig: Setting CVar [[r.HairStrands.VelocityRasterizationScale:1]]
[2020.10.22-02.04.27:283][  0]LogConfig: Applying CVar settings from Section [Startup] File [../../../Engine/Config/ConsoleVariables.ini]
[2020.10.22-02.04.27:283][  0]LogConfig: Setting CVar [[net.UseAdaptiveNetUpdateFrequency:0]]
[2020.10.22-02.04.27:283][  0]LogConfig: Setting CVar [[p.chaos.AllowCreatePhysxBodies:1]]
[2020.10.22-02.04.27:283][  0]LogConfig: Setting CVar [[fx.SkipVectorVMBackendOptimizations:1]]
[2020.10.22-02.04.27:283][  0]LogConfig: Applying CVar settings from Section [ConsoleVariables] File [C:/Users/Gryph/Desktop/Endangered-GAD180/MyProject6/Saved/Config/Windows/Engine.ini]
[2020.10.22-02.04.27:283][  0]LogInit: Computer: DESKTOP-A0BTGLR
[2020.10.22-02.04.27:283][  0]LogInit: User: Gryph
[2020.10.22-02.04.27:283][  0]LogInit: CPU Page size=4096, Cores=4
[2020.10.22-02.04.27:283][  0]LogInit: High frequency timer resolution =10.000000 MHz
[2020.10.22-02.04.27:284][  0]LogMemory: Memory total: Physical=15.9GB (16GB approx)
[2020.10.22-02.04.27:284][  0]LogMemory: Platform Memory Stats for Windows
[2020.10.22-02.04.27:284][  0]LogMemory: Process Physical Memory: 112.96 MB used, 112.97 MB peak
[2020.10.22-02.04.27:284][  0]LogMemory: Process Virtual Memory: 95.07 MB used, 95.07 MB peak
[2020.10.22-02.04.27:284][  0]LogMemory: Physical Memory: 5414.80 MB used,  10854.06 MB free, 16268.86 MB total
[2020.10.22-02.04.27:284][  0]LogMemory: Virtual Memory: 5126.78 MB used,  134212600.00 MB free, 134217728.00 MB total
[2020.10.22-02.04.27:289][  0]LogWindows: WindowsPlatformFeatures enabled
[2020.10.22-02.04.27:343][  0]LogInit: Physics initialised using underlying interface: PhysX
[2020.10.22-02.04.27:345][  0]LogInit: Using OS detected language (en-GB).
[2020.10.22-02.04.27:345][  0]LogInit: Using OS detected locale (en-AU).
[2020.10.22-02.04.27:350][  0]LogTextLocalizationManager: No specific localization for 'en-GB' exists, so the 'en' localization will be used.
[2020.10.22-02.04.27:550][  0]LogInit: Setting process to per monitor DPI aware
[2020.10.22-02.04.27:587][  0]LogSlate: New Slate User Created.  User Index 0, Is Virtual User: 0
[2020.10.22-02.04.27:587][  0]LogSlate: Slate User Registered.  User Index 0, Is Virtual User: 0
[2020.10.22-02.04.27:756][  0]LogHMD: Failed to initialize OpenVR with code 110
[2020.10.22-02.04.27:756][  0]LogD3D11RHI: D3D11 min allowed feature level: 11_0
[2020.10.22-02.04.27:756][  0]LogD3D11RHI: D3D11 max allowed feature level: 11_0
[2020.10.22-02.04.27:756][  0]LogD3D11RHI: D3D11 adapters:
[2020.10.22-02.04.27:848][  0]LogD3D11RHI:    0. 'NVIDIA GeForce GTX 1660' (Feature Level 11_0)
[2020.10.22-02.04.27:848][  0]LogD3D11RHI:       5991/0/8134 MB DedicatedVideo/DedicatedSystem/SharedSystem, Outputs:1, VendorId:0x10de
[2020.10.22-02.04.27:853][  0]LogD3D11RHI:    1. 'Intel(R) HD Graphics 4000' (Feature Level 11_0)
[2020.10.22-02.04.27:853][  0]LogD3D11RHI:       32/0/1760 MB DedicatedVideo/DedicatedSystem/SharedSystem, Outputs:0, VendorId:0x8086
[2020.10.22-02.04.27:856][  0]LogD3D11RHI:    2. 'Microsoft Basic Render Driver' (Feature Level 11_0)
[2020.10.22-02.04.27:856][  0]LogD3D11RHI:       0/0/8134 MB DedicatedVideo/DedicatedSystem/SharedSystem, Outputs:0, VendorId:0x1414
[2020.10.22-02.04.27:856][  0]LogD3D11RHI: Chosen D3D11 Adapter: 0
[2020.10.22-02.04.27:861][  0]LogD3D11RHI: Creating new Direct3DDevice
[2020.10.22-02.04.27:861][  0]LogD3D11RHI:     GPU DeviceId: 0x2184 (for the marketing name, search the web for "GPU Device Id")
[2020.10.22-02.04.27:861][  0]LogWindows: EnumDisplayDevices:
[2020.10.22-02.04.27:861][  0]LogWindows:    0. 'NVIDIA GeForce GTX 1660' (P:1 D:1)
[2020.10.22-02.04.27:861][  0]LogWindows:    1. 'NVIDIA GeForce GTX 1660' (P:0 D:0)
[2020.10.22-02.04.27:861][  0]LogWindows:    2. 'NVIDIA GeForce GTX 1660' (P:0 D:0)
[2020.10.22-02.04.27:862][  0]LogWindows:    3. 'NVIDIA GeForce GTX 1660' (P:0 D:0)
[2020.10.22-02.04.27:862][  0]LogWindows:    4. 'Intel(R) HD Graphics 4000' (P:0 D:0)
[2020.10.22-02.04.27:862][  0]LogWindows:    5. 'Intel(R) HD Graphics 4000' (P:0 D:0)
[2020.10.22-02.04.27:862][  0]LogWindows:    6. 'Intel(R) HD Graphics 4000' (P:0 D:0)
[2020.10.22-02.04.27:863][  0]LogWindows: DebugString: PrimaryIsNotTheChoosenAdapter PrimaryIsNotTheChoosenAdapter PrimaryIsNotTheChoosenAdapter FoundDriverCount:4 
[2020.10.22-02.04.27:863][  0]LogD3D11RHI:     Adapter Name: NVIDIA GeForce GTX 1660
[2020.10.22-02.04.27:863][  0]LogD3D11RHI:   Driver Version: 456.71 (internal:27.21.14.5671, unified:456.71)
[2020.10.22-02.04.27:863][  0]LogD3D11RHI:      Driver Date: 9-30-2020
[2020.10.22-02.04.27:863][  0]LogRHI: Texture pool is 4193 MB (70% of 5991 MB)
[2020.10.22-02.04.27:919][  0]LogD3D11RHI: RHI has support for 64 bit atomics
[2020.10.22-02.04.27:922][  0]LogD3D11RHI: [Aftermath] Enabled and primed
[2020.10.22-02.04.27:922][  0]LogD3D11RHI: Async texture creation enabled
[2020.10.22-02.04.27:922][  0]LogD3D11RHI: Array index from any shader is supported
[2020.10.22-02.04.27:955][  0]LogD3D11RHI: GPU Timing Frequency: 1000.000000 (Debug: 2 1)
[2020.10.22-02.04.28:267][  0]LogTargetPlatformManager: Display: Loaded TargetPlatform 'AllDesktop'
[2020.10.22-02.04.28:291][  0]LogTargetPlatformManager: Display: Loaded TargetPlatform 'Android'
[2020.10.22-02.04.28:291][  0]LogTargetPlatformManager: Display: Loaded TargetPlatform 'Android_ASTC'
[2020.10.22-02.04.28:291][  0]LogTargetPlatformManager: Display: Loaded TargetPlatform 'Android_DXT'
[2020.10.22-02.04.28:291][  0]LogTargetPlatformManager: Display: Loaded TargetPlatform 'Android_ETC2'
[2020.10.22-02.04.28:291][  0]LogTargetPlatformManager: Display: Loaded TargetPlatform 'AndroidClient'
[2020.10.22-02.04.28:291][  0]LogTargetPlatformManager: Display: Loaded TargetPlatform 'Android_ASTCClient'
[2020.10.22-02.04.28:291][  0]LogTargetPlatformManager: Display: Loaded TargetPlatform 'Android_DXTClient'
[2020.10.22-02.04.28:291][  0]LogTargetPlatformManager: Display: Loaded TargetPlatform 'Android_ETC2Client'
[2020.10.22-02.04.28:291][  0]LogTargetPlatformManager: Display: Loaded TargetPlatform 'Android_Multi'
[2020.10.22-02.04.28:291][  0]LogTargetPlatformManager: Display: Loaded TargetPlatform 'Android_MultiClient'
[2020.10.22-02.04.28:320][  0]LogTargetPlatformManager: Display: Loaded TargetPlatform 'IOSClient'
[2020.10.22-02.04.28:320][  0]LogTargetPlatformManager: Display: Loaded TargetPlatform 'IOS'
[2020.10.22-02.04.28:333][  0]LogTargetPlatformManager: Display: Loaded TargetPlatform 'Linux'
[2020.10.22-02.04.28:345][  0]LogTargetPlatformManager: Display: Loaded TargetPlatform 'LinuxNoEditor'
[2020.10.22-02.04.28:356][  0]LogTargetPlatformManager: Display: Loaded TargetPlatform 'LinuxClient'
[2020.10.22-02.04.28:367][  0]LogTargetPlatformManager: Display: Loaded TargetPlatform 'LinuxServer'
[2020.10.22-02.04.28:378][  0]LogTargetPlatformManager: Display: Loaded TargetPlatform 'LinuxAArch64NoEditor'
[2020.10.22-02.04.28:390][  0]LogTargetPlatformManager: Display: Loaded TargetPlatform 'LinuxAArch64Client'
[2020.10.22-02.04.28:401][  0]LogTargetPlatformManager: Display: Loaded TargetPlatform 'LinuxAArch64Server'
[2020.10.22-02.04.28:437][  0]LogTargetPlatformManager: Display: Loaded TargetPlatform 'Lumin'
[2020.10.22-02.04.28:437][  0]LogTargetPlatformManager: Display: Loaded TargetPlatform 'LuminClient'
[2020.10.22-02.04.28:458][  0]LogTargetPlatformManager: Display: Loaded TargetPlatform 'TVOSClient'
[2020.10.22-02.04.28:458][  0]LogTargetPlatformManager: Display: Loaded TargetPlatform 'TVOS'
[2020.10.22-02.04.28:470][  0]LogTargetPlatformManager: Display: Loaded TargetPlatform 'WindowsNoEditor'
[2020.10.22-02.04.28:483][  0]LogTargetPlatformManager: Display: Loaded TargetPlatform 'Windows'
[2020.10.22-02.04.28:495][  0]LogTargetPlatformManager: Display: Loaded TargetPlatform 'WindowsClient'
[2020.10.22-02.04.28:506][  0]LogTargetPlatformManager: Display: Loaded TargetPlatform 'WindowsServer'
[2020.10.22-02.04.28:506][  0]LogTargetPlatformManager: Display: Building Assets For Windows
[2020.10.22-02.04.28:514][  0]LogAudioDebug: Display: Lib vorbis DLL was dynamically loaded.
[2020.10.22-02.04.28:582][  0]LogShaderCompilers: Guid format shader working directory is -21 characters bigger than the processId version (../../../../../../Users/Gryph/Desktop/Endangered-GAD180/MyProject6/Intermediate/Shaders/WorkingDirectory/11988/).
[2020.10.22-02.04.28:582][  0]LogShaderCompilers: Cleaned the shader compiler working directory 'C:/Users/Gryph/AppData/Local/Temp/UnrealShaderWorkingDir/2E4E117A40405040372C86A07A9E1C0E/'.
[2020.10.22-02.04.28:583][  0]LogXGEController: Cleaning working directory: C:/Users/Gryph/AppData/Local/Temp/UnrealXGEWorkingDir/
[2020.10.22-02.04.28:583][  0]LogXGEController: Cannot use XGE Controller as Incredibuild is not installed on this machine.
[2020.10.22-02.04.28:583][  0]LogShaderCompilers: Cannot use XGE Shader Compiler as Incredibuild is not installed on this machine.
[2020.10.22-02.04.28:583][  0]LogShaderCompilers: Display: Using Local Shader Compiler.
[2020.10.22-02.04.29:447][  0]LogDerivedDataCache: Display: Max Cache Size: 512 MB
[2020.10.22-02.04.29:500][  0]LogDerivedDataCache: Loaded boot cache 0.05s 75MB C:/Users/Gryph/AppData/Local/UnrealEngine/4.25/DerivedDataCache/Boot.ddc.
[2020.10.22-02.04.29:500][  0]LogDerivedDataCache: Display: Loaded Boot cache: C:/Users/Gryph/AppData/Local/UnrealEngine/4.25/DerivedDataCache/Boot.ddc
[2020.10.22-02.04.29:500][  0]LogDerivedDataCache: FDerivedDataBackendGraph:  Pak pak cache file ../../../../../../Users/Gryph/Desktop/Endangered-GAD180/MyProject6/DerivedDataCache/DDC.ddp not found, will not use a pak cache.
[2020.10.22-02.04.29:501][  0]LogDerivedDataCache: Unable to find inner node Pak for hierarchical cache Hierarchy.
[2020.10.22-02.04.29:501][  0]LogDerivedDataCache: FDerivedDataBackendGraph:  CompressedPak pak cache file ../../../../../../Users/Gryph/Desktop/Endangered-GAD180/MyProject6/DerivedDataCache/Compressed.ddp not found, will not use a pak cache.
[2020.10.22-02.04.29:501][  0]LogDerivedDataCache: Unable to find inner node CompressedPak for hierarchical cache Hierarchy.
[2020.10.22-02.04.29:512][  0]LogDerivedDataCache: Display: Pak cache opened for reading ../../../Engine/DerivedDataCache/Compressed.ddp.
[2020.10.22-02.04.29:512][  0]LogDerivedDataCache: FDerivedDataBackendGraph:  EnterprisePak pak cache file ../../../Enterprise/DerivedDataCache/Compressed.ddp not found, will not use a pak cache.
[2020.10.22-02.04.29:512][  0]LogDerivedDataCache: Unable to find inner node EnterprisePak for hierarchical cache Hierarchy.
[2020.10.22-02.04.29:514][  0]LogDerivedDataCache: Using Local data cache path C:/Users/Gryph/AppData/Local/UnrealEngine/Common/DerivedDataCache: Writable
[2020.10.22-02.04.29:514][  0]LogDerivedDataCache: Shared data cache path not found in *engine.ini, will not use an Shared cache.
[2020.10.22-02.04.29:514][  0]LogDerivedDataCache: Unable to find inner node Shared for hierarchical cache Hierarchy.
[2020.10.22-02.04.29:577][  0]LogSlate: Using FreeType 2.10.0
[2020.10.22-02.04.29:577][  0]LogSlate: SlateFontServices - WITH_FREETYPE: 1, WITH_HARFBUZZ: 1
[2020.10.22-02.04.29:608][  0]LogAssetRegistry: FAssetRegistry took 0.0028 seconds to start up
[2020.10.22-02.04.29:890][  0]LogInit: Selected Device Profile: [Windows]
[2020.10.22-02.04.30:020][  0]LogMeshReduction: Using QuadricMeshReduction for automatic static mesh reduction
[2020.10.22-02.04.30:020][  0]LogMeshReduction: Using SimplygonMeshReduction for automatic skeletal mesh reduction
[2020.10.22-02.04.30:020][  0]LogMeshReduction: Using ProxyLODMeshReduction for automatic mesh merging
[2020.10.22-02.04.30:020][  0]LogMeshReduction: No distributed automatic mesh merging module available
[2020.10.22-02.04.30:020][  0]LogMeshMerging: No distributed automatic mesh merging module available
[2020.10.22-02.04.30:038][  0]LogNetVersion: MyProject6 1.0.0, NetCL: 13144385, EngineNetVer: 14, GameNetVer: 0 (Checksum: 3232712272)
[2020.10.22-02.04.30:540][  0]LogAISub: UAISubsystem::UAISubsystem AISubsystem (0000020D787AEAC0), frame # 0
[2020.10.22-02.04.30:540][  0]LogAISub: UAISubsystem::UAISubsystem AIPerceptionSystem (0000020D7874AAC0), frame # 0
[2020.10.22-02.04.30:542][  0]LogAISub: UAISubsystem::UAISubsystem EnvQueryManager (0000020D787A1E00), frame # 0
[2020.10.22-02.04.30:609][  0]LogPackageLocalizationCache: Processed 19 localized package path(s) for 1 prioritized culture(s) in 0.059607 seconds
[2020.10.22-02.04.30:614][  0]LogUObjectArray: 15917 objects as part of root set at end of initial load.
[2020.10.22-02.04.30:614][  0]LogUObjectAllocator: 3965568 out of 0 bytes used by permanent object pool.
[2020.10.22-02.04.30:614][  0]LogUObjectArray: CloseDisregardForGC: 0/0 objects in disregard for GC pool
[2020.10.22-02.04.31:008][  0]LogTcpMessaging: Initializing TcpMessaging bridge
[2020.10.22-02.04.31:012][  0]LogUdpMessaging: Initializing bridge on interface 0.0.0.0:0 to multicast group 230.0.0.1:6666.
[2020.10.22-02.04.31:097][  0]SourceControl: Source control is disabled
[2020.10.22-02.04.31:097][  0]SourceControl: Source control is disabled
[2020.10.22-02.04.31:100][  0]SourceControl: Source control is disabled
[2020.10.22-02.04.31:103][  0]SourceControl: Source control is disabled
[2020.10.22-02.04.31:110][  0]SourceControl: Source control is disabled
[2020.10.22-02.04.31:373][  0]LogAndroidPermission: UAndroidPermissionCallbackProxy::GetInstance
[2020.10.22-02.04.31:394][  0]LogAudioCaptureCore: Display: No Audio Capture implementations found. Audio input will be silent.
[2020.10.22-02.04.31:394][  0]LogAudioCaptureCore: Display: No Audio Capture implementations found. Audio input will be silent.
[2020.10.22-02.04.31:451][  0]LogOcInput: OculusInput pre-init called
[2020.10.22-02.04.31:464][  0]LogWindows: Failed to load 'OVRPlugin.dll' (GetLastError=126)
[2020.10.22-02.04.31:464][  0]LogWindows: File 'OVRPlugin.dll' does not exist
[2020.10.22-02.04.31:534][  0]LogEngine: Initializing Engine...
[2020.10.22-02.04.31:535][  0]LogHMD: Failed to initialize OpenVR with code 110
[2020.10.22-02.04.31:536][  0]LogMagicLeap: Warning: VR disabled because ZI is not enabled.  To enable, in the editor, Edit -> Project Settings -> Plugins -> Magic Leap Plugin -> Enable Zero Iteration
[2020.10.22-02.04.31:537][  0]LogStats: UGameplayTagsManager::InitializeManager -  0.000 s
[2020.10.22-02.04.31:670][  0]LogInit: Initializing FReadOnlyCVARCache
[2020.10.22-02.04.31:678][  0]LogAIModule: Creating AISystem for world Untitled
[2020.10.22-02.04.31:678][  0]LogAISub: UAISubsystem::UAISubsystem EnvQueryManager (0000020D7AE94600), frame # 0
[2020.10.22-02.04.31:678][  0]LogAISub: UAISubsystem::UAISubsystem AIPerceptionSystem (0000020D7AEA1BC0), frame # 0
[2020.10.22-02.04.31:692][  0]LogAudioMixer: Display: Audio Mixer Platform Settings:
[2020.10.22-02.04.31:692][  0]LogAudioMixer: Display: 	Sample Rate:						  48000
[2020.10.22-02.04.31:692][  0]LogAudioMixer: Display: 	Callback Buffer Frame Size Requested: 1024
[2020.10.22-02.04.31:692][  0]LogAudioMixer: Display: 	Callback Buffer Frame Size To Use:	  1024
[2020.10.22-02.04.31:692][  0]LogAudioMixer: Display: 	Number of buffers to queue:			  2
[2020.10.22-02.04.31:692][  0]LogAudioMixer: Display: 	Max Channels (voices):				  32
[2020.10.22-02.04.31:692][  0]LogAudioMixer: Display: 	Number of Async Source Workers:		  0
[2020.10.22-02.04.31:692][  0]LogAudio: Display: AudioDevice MaxSources: 32
[2020.10.22-02.04.31:693][  0]LogAudio: Display: Using built-in audio occlusion.
[2020.10.22-02.04.31:693][  0]LogAudioMixer: Display: Initializing audio mixer.
[2020.10.22-02.04.31:708][  0]LogAudioMixer: Display: 0: FrontLeft
[2020.10.22-02.04.31:709][  0]LogAudioMixer: Display: 1: FrontRight
[2020.10.22-02.04.31:747][  0]LogAudioMixer: Display: Using Audio Device Headphones (Arctis 7 Game)
[2020.10.22-02.04.31:749][  0]LogAudioMixer: Display: Initializing Sound Submixes...
[2020.10.22-02.04.31:752][  0]LogAudioMixer: Display: Creating Master Submix 'MasterSubmixDefault'
[2020.10.22-02.04.31:752][  0]LogAudioMixer: Display: Creating Master Submix 'MasterReverbSubmixDefault'
[2020.10.22-02.04.31:752][  0]LogAudioMixer: Display: Creating Master Submix 'MasterEQSubmixDefault'
[2020.10.22-02.04.31:753][  0]LogInit: FAudioDevice initialized.
[2020.10.22-02.04.31:754][  0]LogNetVersion: Set ProjectVersion to 1.0.0.0. Version Checksum will be recalculated on next use.
[2020.10.22-02.04.32:157][  0]LogDerivedDataCache: Saved boot cache 0.40s 75MB C:/Users/Gryph/AppData/Local/UnrealEngine/4.25/DerivedDataCache/Boot.ddc.
[2020.10.22-02.04.32:165][  0]LogInit: Texture streaming: Enabled
[2020.10.22-02.04.32:229][  0]LogEngineSessionManager: EngineSessionManager initialized
[2020.10.22-02.04.32:229][  0]LogEditorSessionSummary: Verbose: Initializing EditorSessionSummaryWriter for editor session tracking
[2020.10.22-02.04.32:232][  0]LogEditorSessionSummary: EditorSessionSummaryWriter initialized
[2020.10.22-02.04.32:308][  0]LogInit: Transaction tracking system initialized
[2020.10.22-02.04.32:331][  0]BlueprintLog: New page: Editor Load
[2020.10.22-02.04.32:405][  0]LocalizationService: Localization service is disabled
[2020.10.22-02.04.32:577][  0]LogCook: Display: Max memory allowance for cook 16384mb min free memory 0mb
[2020.10.22-02.04.32:577][  0]LogCook: Display: Mobile HDR setting 1
[2020.10.22-02.04.32:718][  0]LogFileCache: Scanning file cache for directory 'C:/Users/Gryph/Desktop/Endangered-GAD180/MyProject6/Content/' took 0.01s
[2020.10.22-02.04.32:980][  0]SourceControl: Source control is disabled
[2020.10.22-02.04.32:981][  0]LogUnrealEdMisc: Loading editor; pre map load, took 7.634
[2020.10.22-02.04.32:981][  0]Cmd: MAP LOAD FILE="../../../../../../Users/Gryph/Desktop/Endangered-GAD180/MyProject6/Content/TopDownBP/Maps/TopDownExampleMap.umap" TEMPLATE=0 SHOWPROGRESS=1 FEATURELEVEL=3
[2020.10.22-02.04.32:981][  0]LightingResults: New page: Lighting Build
[2020.10.22-02.04.32:982][  0]LogWorld: UWorld::CleanupWorld for Untitled, bSessionEnded=true, bCleanupResources=true
[2020.10.22-02.04.32:982][  0]LogSlate: InvalidateAllWidgets triggered.  All widgets were invalidated
[2020.10.22-02.04.32:982][  0]MapCheck: New page: Map Check
[2020.10.22-02.04.32:982][  0]LightingResults: New page: Lighting Build
[2020.10.22-02.04.33:026][  0]LogAISub: UAISubsystem::~UAISubsystem EnvQueryManager (0000020D7AE94600), frame # 0
[2020.10.22-02.04.33:026][  0]LogAISub: UAISubsystem::~UAISubsystem AIPerceptionSystem (0000020D7AEA1BC0), frame # 0
[2020.10.22-02.04.33:027][  0]LogUObjectHash: Compacting FUObjectHashTables data took   0.80ms
[2020.10.22-02.04.33:192][  0]LogLinker: Warning: While loading '../../../../../../Users/Gryph/Desktop/Endangered-GAD180/MyProject6/Content/TopDownBP/Maps/TopDownExampleMap.umap' failed to load '/Game/TopDownBP/Maps/TopDownExampleMap_BuiltData': Can't find file.
[2020.10.22-02.04.33:192][  0]LogLinker: Warning: While loading '../../../../../../Users/Gryph/Desktop/Endangered-GAD180/MyProject6/Content/TopDownBP/Maps/TopDownExampleMap.umap' failed to load '/Game/TopDownBP/Maps/TopDownExampleMap_BuiltData': Can't find file.
[2020.10.22-02.04.33:193][  0]LogLinker: Warning: While loading '../../../../../../Users/Gryph/Desktop/Endangered-GAD180/MyProject6/Content/TopDownBP/Maps/TopDownExampleMap.umap' failed to load '/Game/TopDownBP/Maps/TopDownExampleMap_BuiltData': Can't find file.
[2020.10.22-02.04.33:194][  0]LogLinker: Warning: While loading '../../../../../../Users/Gryph/Desktop/Endangered-GAD180/MyProject6/Content/TopDownBP/Maps/TopDownExampleMap.umap' failed to load '/Game/TopDownBP/Maps/TopDownExampleMap_BuiltData': Can't find file.
[2020.10.22-02.04.33:219][  0]LogLinker: Warning: Failed to load '/Game/TopDownBP/Maps/TopDownExampleMap_BuiltData': Can't find file.
[2020.10.22-02.04.33:219][  0]LogLinker: Warning: Failed to load '/Game/TopDownBP/Maps/TopDownExampleMap_BuiltData': Can't find file.
[2020.10.22-02.04.33:219][  0]LogLinker: Warning: Failed to load '/Game/TopDownBP/Maps/TopDownExampleMap_BuiltData': Can't find file.
[2020.10.22-02.04.33:219][  0]LogLinker: Warning: Failed to load '/Game/TopDownBP/Maps/TopDownExampleMap_BuiltData': Can't find file.
[2020.10.22-02.04.33:238][  0]LogLinker: Warning: While loading '../../../../../../Users/Gryph/Desktop/Endangered-GAD180/MyProject6/Content/TopDownBP/Maps/TopDownExampleMap.umap' failed to load '/Game/TopDownBP/Maps/TopDownExampleMap_BuiltData': Can't find file.
[2020.10.22-02.04.33:238][  0]LoadErrors: Failed to load /Game/TopDownBP/Maps/TopDownExampleMap_BuiltData.TopDownExampleMap_BuiltData Referenced by PersistentLevel
[2020.10.22-02.04.33:238][  0]LogLinker: Warning: While loading '../../../../../../Users/Gryph/Desktop/Endangered-GAD180/MyProject6/Content/TopDownBP/Maps/TopDownExampleMap.umap' failed to load '/Game/TopDownBP/Maps/TopDownExampleMap_BuiltData': Can't find file.
[2020.10.22-02.04.33:238][  0]LoadErrors: Failed to load /Game/TopDownBP/Maps/TopDownExampleMap_BuiltData.TopDownExampleMap_BuiltData Referenced by PersistentLevel
[2020.10.22-02.04.33:388][  0]LogAIModule: Creating AISystem for world TopDownExampleMap
[2020.10.22-02.04.33:388][  0]LogAISub: UAISubsystem::UAISubsystem EnvQueryManager (0000020D0B65A000), frame # 0
[2020.10.22-02.04.33:388][  0]LogAISub: UAISubsystem::UAISubsystem AIPerceptionSystem (0000020D0B6D0B80), frame # 0
[2020.10.22-02.04.33:408][  0]LogEditorServer: Finished looking for orphan Actors (0.000 secs)
[2020.10.22-02.04.33:410][  0]LogNavigationDataBuild: Display:    Building NavData:  Name Default class /Script/NavigationSystem.RecastNavMesh agent radius 35.0.
[2020.10.22-02.04.33:425][  0]LogUObjectHash: Compacting FUObjectHashTables data took   1.00ms
[2020.10.22-02.04.33:425][  0]Cmd: MAP CHECKDEP NOCLEARLOG
[2020.10.22-02.04.33:426][  0]MapCheck: Map check complete: 0 Error(s), 0 Warning(s), took 0.27ms to complete.
[2020.10.22-02.04.33:426][  0]LogFileHelpers: Loading map 'TopDownExampleMap' took 0.446
[2020.10.22-02.04.33:427][  0]LogUnrealEdMisc: Total Editor Startup Time, took 8.081
[2020.10.22-02.04.33:570][  0]LogSlate: Updating window title bar state: overlay mode, drag disabled, window buttons hidden, title bar hidden
[2020.10.22-02.04.33:579][  0]LogSlate: Updating window title bar state: overlay mode, drag disabled, window buttons hidden, title bar hidden
[2020.10.22-02.04.33:587][  0]LogSlate: Updating window title bar state: overlay mode, drag disabled, window buttons hidden, title bar hidden
[2020.10.22-02.04.33:596][  0]LogSlate: Updating window title bar state: overlay mode, drag disabled, window buttons hidden, title bar hidden
[2020.10.22-02.04.33:604][  0]LogCollectionManager: Loaded 0 collections in 0.002148 seconds
[2020.10.22-02.04.33:620][  0]LogFileCache: Scanning file cache for directory 'C:/Users/Gryph/Desktop/Endangered-GAD180/MyProject6/Saved/Collections/' took 0.00s
[2020.10.22-02.04.33:620][  0]LogFileCache: Scanning file cache for directory 'C:/Users/Gryph/Desktop/Endangered-GAD180/MyProject6/Content/Developers/Gryph/Collections/' took 0.00s
[2020.10.22-02.04.33:620][  0]LogFileCache: Scanning file cache for directory 'C:/Users/Gryph/Desktop/Endangered-GAD180/MyProject6/Content/Collections/' took 0.00s
[2020.10.22-02.04.33:620][  0]LogContentBrowser: Native class hierarchy populated in 0.0116 seconds. Added 3427 classes and 821 folders.
[2020.10.22-02.04.33:623][  0]LogContentBrowser: Native class hierarchy updated for 'WidgetCarousel' in 0.0003 seconds. Added 0 classes and 0 folders.
[2020.10.22-02.04.33:688][  0]LogContentBrowser: Native class hierarchy updated for 'AddContentDialog' in 0.0003 seconds. Added 0 classes and 0 folders.
[2020.10.22-02.04.33:689][  0]LogContentBrowser: Native class hierarchy updated for 'SceneOutliner' in 0.0002 seconds. Added 2 classes and 0 folders.
[2020.10.22-02.04.33:728][  0]LogSlate: Took 0.000249 seconds to synchronously load lazily loaded font '../../../Engine/Content/Slate/Fonts/Roboto-Regular.ttf' (155K)
[2020.10.22-02.04.33:730][  0]LogSlate: Took 0.000158 seconds to synchronously load lazily loaded font '../../../Engine/Content/Slate/Fonts/Roboto-Bold.ttf' (160K)
[2020.10.22-02.04.33:736][  0]LogSlate: Took 0.000194 seconds to synchronously load lazily loaded font '../../../Engine/Content/Editor/Slate/Fonts/FontAwesome.ttf' (139K)
[2020.10.22-02.04.33:820][  0]LogRenderer: Reallocating scene render targets to support 964x460 Format 10 NumSamples 1 (Frame:1).
[2020.10.22-02.04.33:923][  0]LogContentBrowser: Native class hierarchy updated for 'HierarchicalLODOutliner' in 0.0003 seconds. Added 0 classes and 0 folders.
[2020.10.22-02.04.33:924][  0]LogLoad: (Engine Initialization) Total time: 8.58 seconds
[2020.10.22-02.04.33:924][  0]LogLoad: (Engine Initialization) Total Blueprint compile time: 0.00 seconds
[2020.10.22-02.04.33:973][  0]LogAssetRegistry: Asset discovery search completed in 4.3667 seconds
[2020.10.22-02.04.33:978][  0]LogCollectionManager: Fixed up redirectors for 0 collections in 0.000003 seconds (updated 0 objects)
[2020.10.22-02.04.33:980][  0]LogContentStreaming: Texture pool size now 1000 MB
[2020.10.22-02.04.34:099][  0]LogSlate: Took 0.000150 seconds to synchronously load lazily loaded font '../../../Engine/Content/Slate/Fonts/Roboto-Light.ttf' (167K)
[2020.10.22-02.04.34:117][  0]LogSlate: Took 0.000187 seconds to synchronously load lazily loaded font '../../../Engine/Content/Slate/Fonts/DroidSansMono.ttf' (77K)
[2020.10.22-02.04.36:329][197]LogSlate: Window 'Message Log' being destroyed
[2020.10.22-02.04.36:332][197]LogSlate: Window 'Message Log' being destroyed
[2020.10.22-02.04.55:992][496]LogSlate: Window 'Open Level' being destroyed
[2020.10.22-02.05.08:361][822]LogEditorViewport: Clicking on Actor (LMB): StaticMeshActor (Plane)
[2020.10.22-02.05.14:346][522]LogTemp: Repeating last play command: Selected Viewport
[2020.10.22-02.05.14:365][522]LogPlayLevel: PlayLevel: No blueprints needed recompiling
[2020.10.22-02.05.14:365][522]PIE: New page: PIE session: TopDownExampleMap (23 Oct 2020, 12:05:14 am)
[2020.10.22-02.05.14:366][522]LogOnline: OSS: Creating online subsystem instance for: NULL
[2020.10.22-02.05.14:367][522]LogOnline: OSS: TryLoadSubsystemAndSetDefault: Loaded subsystem for module [NULL]
[2020.10.22-02.05.14:368][522]LogPlayLevel: Creating play world package: /Game/TopDownBP/Maps/UEDPIE_0_TopDownExampleMap
[2020.10.22-02.05.14:395][522]LogPlayLevel: PIE: StaticDuplicateObject took: (0.027319s)
[2020.10.22-02.05.14:397][522]LogAIModule: Creating AISystem for world TopDownExampleMap
[2020.10.22-02.05.14:397][522]LogAISub: UAISubsystem::UAISubsystem EnvQueryManager (0000020D07B21600), frame # 4522
[2020.10.22-02.05.14:397][522]LogAISub: UAISubsystem::UAISubsystem AIPerceptionSystem (0000020D0B29DD00), frame # 4522
[2020.10.22-02.05.14:398][522]LogPlayLevel: PIE: World Init took: (0.002791s)
[2020.10.22-02.05.14:398][522]LogPlayLevel: PIE: Created PIE world by copying editor world from /Game/TopDownBP/Maps/TopDownExampleMap.TopDownExampleMap to /Game/TopDownBP/Maps/UEDPIE_0_TopDownExampleMap.TopDownExampleMap (0.030508s)
[2020.10.22-02.05.14:409][522]LogUObjectHash: Compacting FUObjectHashTables data took   1.16ms
[2020.10.22-02.05.14:411][522]LogAudioMixer: Display: Audio Mixer Platform Settings:
[2020.10.22-02.05.14:411][522]LogAudioMixer: Display: 	Sample Rate:						  48000
[2020.10.22-02.05.14:411][522]LogAudioMixer: Display: 	Callback Buffer Frame Size Requested: 1024
[2020.10.22-02.05.14:411][522]LogAudioMixer: Display: 	Callback Buffer Frame Size To Use:	  1024
[2020.10.22-02.05.14:411][522]LogAudioMixer: Display: 	Number of buffers to queue:			  2
[2020.10.22-02.05.14:412][522]LogAudioMixer: Display: 	Max Channels (voices):				  32
[2020.10.22-02.05.14:412][522]LogAudioMixer: Display: 	Number of Async Source Workers:		  0
[2020.10.22-02.05.14:412][522]LogAudio: Display: AudioDevice MaxSources: 32
[2020.10.22-02.05.14:412][522]LogAudio: Display: Using built-in audio occlusion.
[2020.10.22-02.05.14:412][522]LogAudioMixer: Display: Initializing audio mixer.
[2020.10.22-02.05.14:420][522]LogAudioMixer: Display: 0: FrontLeft
[2020.10.22-02.05.14:420][522]LogAudioMixer: Display: 1: FrontRight
[2020.10.22-02.05.14:439][522]LogAudioMixer: Display: Using Audio Device Headphones (Arctis 7 Game)
[2020.10.22-02.05.14:439][522]LogAudioMixer: Display: Initializing Sound Submixes...
[2020.10.22-02.05.14:440][522]LogAudioMixer: Display: Creating Master Submix 'MasterSubmixDefault'
[2020.10.22-02.05.14:440][522]LogAudioMixer: Display: Creating Master Submix 'MasterReverbSubmixDefault'
[2020.10.22-02.05.14:440][522]LogAudioMixer: Display: Creating Master Submix 'MasterEQSubmixDefault'
[2020.10.22-02.05.14:452][522]LogInit: FAudioDevice initialized.
[2020.10.22-02.05.14:464][522]LogLoad: Game class is 'TopDownGameMode_C'
[2020.10.22-02.05.14:474][522]LogWorld: Bringing World /Game/TopDownBP/Maps/UEDPIE_0_TopDownExampleMap.TopDownExampleMap up for play (max tick rate 0) at 2020.10.22-13.05.14
[2020.10.22-02.05.14:474][522]LogWorld: Bringing up level for play took: 0.008725
[2020.10.22-02.05.14:475][522]LogOnline: OSS: Creating online subsystem instance for: :Context_3
[2020.10.22-02.05.14:479][522]LogContentBrowser: Native class hierarchy updated for 'MovieSceneCapture' in 0.0004 seconds. Added 20 classes and 0 folders.
[2020.10.22-02.05.14:479][522]PIE: Server logged in
[2020.10.22-02.05.14:481][522]PIE: Play in editor total start time 0.117 seconds.
[2020.10.22-02.05.17:475][865]LogSlate: Updating window title bar state: overlay mode, drag disabled, window buttons hidden, title bar hidden
[2020.10.22-02.05.17:475][865]LogWorld: BeginTearingDown for /Game/TopDownBP/Maps/UEDPIE_0_TopDownExampleMap
[2020.10.22-02.05.17:476][865]LogWorld: UWorld::CleanupWorld for TopDownExampleMap, bSessionEnded=true, bCleanupResources=true
[2020.10.22-02.05.17:477][865]LogSlate: InvalidateAllWidgets triggered.  All widgets were invalidated
[2020.10.22-02.05.17:487][865]LogPlayLevel: Display: Shutting down PIE online subsystems
[2020.10.22-02.05.17:488][865]LogSlate: InvalidateAllWidgets triggered.  All widgets were invalidated
[2020.10.22-02.05.17:514][865]LogSlate: Updating window title bar state: overlay mode, drag disabled, window buttons hidden, title bar hidden
[2020.10.22-02.05.17:515][865]LogAISub: UAISubsystem::~UAISubsystem AIPerceptionSystem (0000020D0B29DD00), frame # 4865
[2020.10.22-02.05.17:515][865]LogAISub: UAISubsystem::~UAISubsystem EnvQueryManager (0000020D07B21600), frame # 4865
[2020.10.22-02.05.17:516][865]LogUObjectHash: Compacting FUObjectHashTables data took   0.72ms
[2020.10.22-02.05.17:556][867]LogPlayLevel: Display: Destroying online subsystem :Context_3
[2020.10.22-02.05.26:663][858]LogSlate: Took 0.000147 seconds to synchronously load lazily loaded font '../../../Engine/Content/Slate/Fonts/Roboto-Light.ttf' (167K)
[2020.10.22-02.05.27:733][980]LogAssetEditorSubsystem: Opening Asset editor for LevelScriptBlueprint /Game/TopDownBP/Maps/TopDownExampleMap.TopDownExampleMap:PersistentLevel.TopDownExampleMap
[2020.10.22-02.05.28:011][980]LogContentBrowser: Native class hierarchy updated for 'BlueprintGraph' in 0.0007 seconds. Added 125 classes and 0 folders.
[2020.10.22-02.05.29:187][980]LogSlate: Took 0.000232 seconds to synchronously load lazily loaded font '../../../Engine/Content/Slate/Fonts/Roboto-BoldCondensed.ttf' (158K)
[2020.10.22-02.05.35:487][596]LogSlate: Window 'TopDownExampleMap' being destroyed
[2020.10.22-02.05.35:491][596]LogWorld: UWorld::CleanupWorld for World_3, bSessionEnded=true, bCleanupResources=true
[2020.10.22-02.05.35:492][596]LogSlate: InvalidateAllWidgets triggered.  All widgets were invalidated
[2020.10.22-02.06.42:243][518]LogSlate: Window 'Open Level' being destroyed
[2020.10.22-02.07.22:928][261]LogSlate: Window 'Open Level' being destroyed
[2020.10.22-02.07.30:953][592]LogSlate: Window 'New Level' being destroyed
[2020.10.22-02.07.30:957][592]Cmd: MAP LOAD FILE="../../../Engine/Content/Maps/Templates/Template_Default.umap" TEMPLATE=1 SHOWPROGRESS=1 FEATURELEVEL=3
[2020.10.22-02.07.30:989][592]LightingResults: New page: Lighting Build
[2020.10.22-02.07.30:989][592]LoadErrors: New page: Loading map: Template_Default.umap
[2020.10.22-02.07.30:993][592]LogWorld: UWorld::CleanupWorld for TopDownExampleMap, bSessionEnded=true, bCleanupResources=true
[2020.10.22-02.07.30:993][592]LogSlate: InvalidateAllWidgets triggered.  All widgets were invalidated
[2020.10.22-02.07.30:993][592]MapCheck: New page: Map Check
[2020.10.22-02.07.30:993][592]LightingResults: New page: Lighting Build
[2020.10.22-02.07.31:019][592]LogAISub: UAISubsystem::~UAISubsystem EnvQueryManager (0000020D0B65A000), frame # 19592
[2020.10.22-02.07.31:019][592]LogAISub: UAISubsystem::~UAISubsystem AIPerceptionSystem (0000020D0B6D0B80), frame # 19592
[2020.10.22-02.07.31:022][592]LogUObjectHash: Compacting FUObjectHashTables data took   2.49ms
[2020.10.22-02.07.31:041][592]LogAIModule: Creating AISystem for world Untitled_1
[2020.10.22-02.07.31:041][592]LogAISub: UAISubsystem::UAISubsystem EnvQueryManager (0000020D04E63000), frame # 19592
[2020.10.22-02.07.31:041][592]LogAISub: UAISubsystem::UAISubsystem AIPerceptionSystem (0000020D72F3D580), frame # 19592
[2020.10.22-02.07.31:065][592]LogEditorServer: Finished looking for orphan Actors (0.000 secs)
[2020.10.22-02.07.31:086][592]LogUObjectHash: Compacting FUObjectHashTables data took   1.92ms
[2020.10.22-02.07.31:100][592]Cmd: MAP CHECKDEP NOCLEARLOG
[2020.10.22-02.07.31:100][592]MapCheck: Map check complete: 0 Error(s), 0 Warning(s), took 0.182ms to complete.
[2020.10.22-02.07.31:100][592]LogFileHelpers: Loading map 'Template_Default' took 0.143
[2020.10.22-02.07.41:974][623]LogEditorViewport: Clicking on Actor (LMB): SphereReflectionCapture (SphereReflectionCapture)
[2020.10.22-02.07.42:907][725]Cmd: DELETE
[2020.10.22-02.07.42:907][725]Cmd: ACTOR DELETE
[2020.10.22-02.07.42:908][725]LogEditorActor: Deleted Actor: SphereReflectionCapture
[2020.10.22-02.07.42:981][725]LogUObjectHash: Compacting FUObjectHashTables data took   3.68ms
[2020.10.22-02.07.42:983][725]LogEditorActor: Deleted 1 Actors (0.076 secs)
[2020.10.22-02.08.10:442][936]LogEditorViewport: Clicking on Actor (LMB): SkyLight (SkyLight)
[2020.10.22-02.08.13:006][226]Cmd: DELETE
[2020.10.22-02.08.13:006][226]Cmd: ACTOR DELETE
[2020.10.22-02.08.13:008][226]LogEditorActor: Deleted Actor: SkyLight
[2020.10.22-02.08.13:057][226]LogUObjectHash: Compacting FUObjectHashTables data took   2.77ms
[2020.10.22-02.08.13:060][226]LogEditorActor: Deleted 1 Actors (0.054 secs)
[2020.10.22-02.09.08:818][ 10]LogFactory: FactoryCreateFile: Texture with ReimportTextureFactory (0 0 C:\Users\Gryph\Desktop\images.png)
[2020.10.22-02.09.08:820][ 10]LogTexture: Display: Building textures: images (AutoDXT, 392X128)
[2020.10.22-02.09.10:587][105]LogAssetEditorSubsystem: Opening Asset editor for WidgetBlueprint /Game/MenuBluepirnt.MenuBluepirnt
[2020.10.22-02.12.50:015][430]LogSlate: Window 'Color Picker' being destroyed
[2020.10.22-02.13.10:036][ 74]LogSlate: Window 'Color Picker' being destroyed
[2020.10.22-02.13.16:005][568]Cmd: OBJ SAVEPACKAGE PACKAGE="/Game/MenuBluepirnt" FILE="../../../../../../Users/Gryph/Desktop/Endangered-GAD180/MyProject6/Content/MenuBluepirnt.uasset" SILENT=true
[2020.10.22-02.13.16:018][568]LogSavePackage: Moving '../../../../../../Users/Gryph/Desktop/Endangered-GAD180/MyProject6/Saved/MenuBluepirnt102BBE334D2987CA846305B921880EBC.tmp' to '../../../../../../Users/Gryph/Desktop/Endangered-GAD180/MyProject6/Content/MenuBluepirnt.uasset'
[2020.10.22-02.13.16:040][568]AssetCheck: New page: Asset Save: MenuBluepirnt
[2020.10.22-02.13.16:040][568]LogContentValidation: Display: Validating WidgetBlueprint /Game/MenuBluepirnt.MenuBluepirnt
[2020.10.22-02.13.16:893][641]BlueprintLog: New page: Compile MenuBluepirnt
[2020.10.22-02.13.16:966][641]LogUObjectHash: Compacting FUObjectHashTables data took   4.64ms
[2020.10.22-02.13.21:782][ 58]LogTemp: Repeating last play command: Selected Viewport
[2020.10.22-02.13.21:800][ 58]LogPlayLevel: PlayLevel: No blueprints needed recompiling
[2020.10.22-02.13.21:800][ 58]PIE: New page: PIE session: Untitled_1 (23 Oct 2020, 12:13:21 am)
[2020.10.22-02.13.21:801][ 58]LogPlayLevel: Creating play world package: /Temp/UEDPIE_0_Untitled_1
[2020.10.22-02.13.21:803][ 58]LogPlayLevel: PIE: StaticDuplicateObject took: (0.002304s)
[2020.10.22-02.13.21:804][ 58]LogAIModule: Creating AISystem for world Untitled_1
[2020.10.22-02.13.21:804][ 58]LogAISub: UAISubsystem::UAISubsystem EnvQueryManager (0000020D8D3CE800), frame # 43058
[2020.10.22-02.13.21:804][ 58]LogAISub: UAISubsystem::UAISubsystem AIPerceptionSystem (0000020D04F134C0), frame # 43058
[2020.10.22-02.13.21:804][ 58]LogPlayLevel: PIE: World Init took: (0.001300s)
[2020.10.22-02.13.21:804][ 58]LogPlayLevel: PIE: Created PIE world by copying editor world from /Temp/Untitled_1.Untitled_1 to /Temp/UEDPIE_0_Untitled_1.Untitled_1 (0.003736s)
[2020.10.22-02.13.21:834][ 58]LogUObjectHash: Compacting FUObjectHashTables data took   3.68ms
[2020.10.22-02.13.21:836][ 58]LogAudioMixer: Display: Audio Mixer Platform Settings:
[2020.10.22-02.13.21:836][ 58]LogAudioMixer: Display: 	Sample Rate:						  48000
[2020.10.22-02.13.21:836][ 58]LogAudioMixer: Display: 	Callback Buffer Frame Size Requested: 1024
[2020.10.22-02.13.21:836][ 58]LogAudioMixer: Display: 	Callback Buffer Frame Size To Use:	  1024
[2020.10.22-02.13.21:836][ 58]LogAudioMixer: Display: 	Number of buffers to queue:			  2
[2020.10.22-02.13.21:836][ 58]LogAudioMixer: Display: 	Max Channels (voices):				  32
[2020.10.22-02.13.21:836][ 58]LogAudioMixer: Display: 	Number of Async Source Workers:		  0
[2020.10.22-02.13.21:836][ 58]LogAudio: Display: AudioDevice MaxSources: 32
[2020.10.22-02.13.21:836][ 58]LogAudio: Display: Using built-in audio occlusion.
[2020.10.22-02.13.21:836][ 58]LogAudioMixer: Display: Initializing audio mixer.
[2020.10.22-02.13.21:843][ 58]LogAudioMixer: Display: 0: FrontLeft
[2020.10.22-02.13.21:843][ 58]LogAudioMixer: Display: 1: FrontRight
[2020.10.22-02.13.21:864][ 58]LogAudioMixer: Display: Using Audio Device Headphones (Arctis 7 Game)
[2020.10.22-02.13.21:864][ 58]LogAudioMixer: Display: Initializing Sound Submixes...
[2020.10.22-02.13.21:865][ 58]LogAudioMixer: Display: Creating Master Submix 'MasterSubmixDefault'
[2020.10.22-02.13.21:865][ 58]LogAudioMixer: Display: Creating Master Submix 'MasterReverbSubmixDefault'
[2020.10.22-02.13.21:865][ 58]LogAudioMixer: Display: Creating Master Submix 'MasterEQSubmixDefault'
[2020.10.22-02.13.21:876][ 58]LogInit: FAudioDevice initialized.
[2020.10.22-02.13.21:884][ 58]LogLoad: Game class is 'TopDownGameMode_C'
[2020.10.22-02.13.21:885][ 58]LogWorld: Bringing World /Temp/UEDPIE_0_Untitled_1.Untitled_1 up for play (max tick rate 0) at 2020.10.22-13.13.21
[2020.10.22-02.13.21:885][ 58]LogWorld: Bringing up level for play took: 0.000591
[2020.10.22-02.13.21:885][ 58]LogOnline: OSS: Creating online subsystem instance for: :Context_8
[2020.10.22-02.13.21:916][ 58]PIE: Server logged in
[2020.10.22-02.13.21:917][ 58]PIE: Play in editor total start time 0.117 seconds.
[2020.10.22-02.13.31:240][165]LogSlate: Updating window title bar state: overlay mode, drag disabled, window buttons hidden, title bar hidden
[2020.10.22-02.13.31:240][165]LogWorld: BeginTearingDown for /Temp/UEDPIE_0_Untitled_1
[2020.10.22-02.13.31:241][165]LogWorld: UWorld::CleanupWorld for Untitled_1, bSessionEnded=true, bCleanupResources=true
[2020.10.22-02.13.31:241][165]LogSlate: InvalidateAllWidgets triggered.  All widgets were invalidated
[2020.10.22-02.13.31:248][165]LogPlayLevel: Display: Shutting down PIE online subsystems
[2020.10.22-02.13.31:252][165]LogSlate: InvalidateAllWidgets triggered.  All widgets were invalidated
[2020.10.22-02.13.31:291][165]LogSlate: Updating window title bar state: overlay mode, drag disabled, window buttons hidden, title bar hidden
[2020.10.22-02.13.31:292][165]LogAISub: UAISubsystem::~UAISubsystem AIPerceptionSystem (0000020D04F134C0), frame # 44165
[2020.10.22-02.13.31:292][165]LogAISub: UAISubsystem::~UAISubsystem EnvQueryManager (0000020D8D3CE800), frame # 44165
[2020.10.22-02.13.31:295][165]LogUObjectHash: Compacting FUObjectHashTables data took   2.73ms
[2020.10.22-02.13.31:330][166]LogPlayLevel: Display: Destroying online subsystem :Context_8
[2020.10.22-02.14.32:417][299]LogAssetEditorSubsystem: Opening Asset editor for LevelScriptBlueprint /Temp/Untitled_1.Untitled_1:PersistentLevel.Untitled
[2020.10.22-02.15.16:674][273]LogSlate: Took 0.000219 seconds to synchronously load lazily loaded font '../../../Engine/Content/Slate/Fonts/Roboto-Italic.ttf' (157K)
[2020.10.22-02.15.51:441][893]LogSlate: Window 'Save Level As' being destroyed
[2020.10.22-02.15.52:415][993]BlueprintLog: New page: Compile Untitled
[2020.10.22-02.15.52:417][993]LogBlueprint: Error: [Compiler PersistentLevel.Untitled] This blueprint (self) is not a UserWidget, therefore ' Target ' must have a connection.
[2020.10.22-02.15.52:475][993]LogUObjectHash: Compacting FUObjectHashTables data took   3.69ms
[2020.10.22-02.17.35:468][ 61]LogUObjectHash: Compacting FUObjectHashTables data took   3.27ms
[2020.10.22-02.17.35:518][ 61]LogSavePackage: Moving '../../../../../../Users/Gryph/Desktop/Endangered-GAD180/MyProject6/Saved/Untitled_1_Auto1017007BA409455295B9483BF52B87EB8.tmp' to '../../../../../../Users/Gryph/Desktop/Endangered-GAD180/MyProject6/Saved/Autosaves/Temp/Untitled_1_Auto1.umap'
[2020.10.22-02.17.35:520][ 61]LogFileHelpers: Editor autosave (incl. sublevels) for '/Temp/Untitled_1' took 0.086
[2020.10.22-02.17.35:520][ 61]LogFileHelpers: Editor autosave (incl. sublevels) for all levels took 0.086
[2020.10.22-02.17.35:530][ 61]OBJ SavePackage: Generating thumbnails for [1] asset(s) in package [/Game/images] ([1] browsable assets)...
[2020.10.22-02.17.35:535][ 61]OBJ SavePackage:     Rendered thumbnail for [Texture2D /Game/images.images]
[2020.10.22-02.17.35:535][ 61]OBJ SavePackage: Finished generating thumbnails for package [/Game/images]
[2020.10.22-02.17.35:535][ 61]Cmd: OBJ SAVEPACKAGE PACKAGE="/Game/images" FILE="../../../../../../Users/Gryph/Desktop/Endangered-GAD180/MyProject6/Saved/Autosaves/Game/images_Auto1.uasset" SILENT=false AUTOSAVING=true
[2020.10.22-02.17.35:544][ 61]LogSavePackage: Moving '../../../../../../Users/Gryph/Desktop/Endangered-GAD180/MyProject6/Saved/images_Auto11A9CB50A49C34C6873F10DA020BDA398.tmp' to '../../../../../../Users/Gryph/Desktop/Endangered-GAD180/MyProject6/Saved/Autosaves/Game/images_Auto1.uasset'
[2020.10.22-02.17.35:575][ 61]LogFileHelpers: Auto-saving content packages took 0.055
[2020.10.22-02.17.39:340][477]LogSlate: Prevented a slow task dialog from being summoned while a context menu was open
[2020.10.22-02.18.15:753][144]LogSlate: Window 'Save Level As' being destroyed
[2020.10.22-02.19.14:530][783]LogTexture: Display: Building textures: TX_TilingNoise03_M (AutoDXT, 512X512)
[2020.10.22-02.19.14:531][783]LogMaterial: Display: Missing cached shader map for material MM_FogSheet_Master, compiling. 
[2020.10.22-02.19.14:558][783]LogStaticMesh: Building static mesh SM_FogSheet_Plane...
[2020.10.22-02.19.14:576][783]LogShaderCompilers: Display: Worker (1/3): shaders left to compile 12
[2020.10.22-02.19.14:577][783]LogShaderCompilers: Display: Worker (2/3): shaders left to compile 7
[2020.10.22-02.19.14:577][783]LogShaderCompilers: Display: Worker (3/3): shaders left to compile 2
[2020.10.22-02.19.14:577][783]LogStaticMesh: Built static mesh [0.02s] /Game/DF_Treekit/Assets/Meshes/Dev/SM_FogSheet_Plane.SM_FogSheet_Plane
[2020.10.22-02.19.14:881][783]LogTexture: Display: Building textures: TX_GodRay_Mask02 (BGRA8, 512X1024)
[2020.10.22-02.19.14:881][783]LogTexture: Display: Building textures: TX_GodRay_Mask01 (BGRA8, 512X1024)
[2020.10.22-02.19.14:881][783]LogTexture: Display: Building textures: TX_TilingNoise_02 (AutoDXT, 512X512)
[2020.10.22-02.19.14:881][783]LogMaterial: Display: Missing cached shader map for material MM_GodRay, compiling. 
[2020.10.22-02.19.14:895][783]LogStaticMesh: Building static mesh SM_GodRay_Plane...
[2020.10.22-02.19.14:896][783]LogStaticMesh: Built static mesh [0.00s] /Game/DF_Treekit/Assets/Meshes/Dev/SM_GodRay_Plane.SM_GodRay_Plane
[2020.10.22-02.19.14:898][783]LogMaterial: Display: Missing cached shader map for material MM_GodRay, compiling. 
[2020.10.22-02.19.41:626][783]LogTexture: Display: Building textures: TX_gray (AutoDXT, 128X128)
[2020.10.22-02.19.41:626][783]LogTexture: Display: Building textures: TX_RGBA (AutoDXT, 128X128)
[2020.10.22-02.19.41:626][783]LogTexture: Display: Building textures: TX_base_normal (BC5, 128X128)
[2020.10.22-02.19.41:626][783]LogShaderCompilers: Display: Worker (3/3): shaders left to compile 38
[2020.10.22-02.19.41:626][783]LogTexture: Display: Building textures: TX_MossMask_N (BC5, 2048X2048)
[2020.10.22-02.19.41:627][783]LogTexture: Display: Building textures: TX_LandscapeMoss_M (AutoDXT, 4096X4096)
[2020.10.22-02.19.41:627][783]LogTexture: Display: Building textures: TX_LandscapeMoss_AT (AutoDXT, 4096X4096)
[2020.10.22-02.19.41:627][783]LogShaderCompilers: Display: Worker (1/3): shaders left to compile 28
[2020.10.22-02.19.41:627][783]LogShaderCompilers: Display: Worker (2/3): shaders left to compile 18
[2020.10.22-02.19.41:627][783]LogShaderCompilers: Display: Worker (3/3): shaders left to compile 11
[2020.10.22-02.19.41:627][783]LogShaderCompilers: Display: Worker (2/3): shaders left to compile 7
[2020.10.22-02.19.41:627][783]LogShaderCompilers: Display: Worker (3/3): shaders left to compile 4
[2020.10.22-02.19.41:627][783]LogShaderCompilers: Display: Worker (2/3): shaders left to compile 2
[2020.10.22-02.19.41:627][783]LogShaderCompilers: Display: Worker (1/3): shaders left to compile 1
[2020.10.22-02.19.42:924][783]LogTexture: Display: Building textures: TX_Rain_FX (AutoDXT, 2048X2048)
[2020.10.22-02.19.42:924][783]LogTexture: Display: Building textures: TX_Rain_normal_FX (BC5, 2048X2048)
[2020.10.22-02.19.44:379][783]LogTexture: Display: Building textures: TX_Mask_01 (AutoDXT, 1024X1024)
[2020.10.22-02.19.44:379][783]LogTexture: Display: Building textures: TX_Rough_Normal (BC5, 1024X1024)
[2020.10.22-02.19.50:733][783]LogTexture: Display: Building textures: TX_Moss_N (AutoDXT, 2048X2048)
[2020.10.22-02.19.50:733][783]LogTexture: Display: Building textures: TX_Moss_AT (BC5, 2048X2048)
[2020.10.22-02.19.54:870][783]LogTexture: Display: Building textures: TX_T1_Branch_1_Card_RSAO (AutoDXT, 2048X2048)
[2020.10.22-02.19.54:871][783]LogTexture: Display: Building textures: TX_T1_Branch_1_Card_N (BC5, 2048X2048)
[2020.10.22-02.19.54:871][783]LogTexture: Display: Building textures: TX_T1_Branch_1_Card_E (AutoDXT, 2048X2048)
[2020.10.22-02.19.54:871][783]LogTexture: Display: Building textures: TX_T1_Branch_1_Card_AT (AutoDXT, 2048X2048)
[2020.10.22-02.19.54:871][783]LogMaterial: Display: Missing cached shader map for material MM_Foliage_Wind, compiling. 
[2020.10.22-02.19.54:984][783]LogShaderCompilers: Display: Worker (1/3): shaders left to compile 97
[2020.10.22-02.19.54:984][783]LogShaderCompilers: Display: Worker (2/3): shaders left to compile 87
[2020.10.22-02.19.54:984][783]LogShaderCompilers: Display: Worker (3/3): shaders left to compile 77
[2020.10.22-02.19.54:984][783]LogMaterial: Display: Missing cached shader map for material MM_Foliage_Wind, compiling. 
[2020.10.22-02.20.03:492][783]LogTexture: Display: Building textures: TX_Hangingmoss_N (BC5, 2048X2048)
[2020.10.22-02.20.03:492][783]LogTexture: Display: Building textures: TX_Fern_1_N (BC5, 2048X2048)
[2020.10.22-02.20.03:492][783]LogTexture: Display: Building textures: TX_Fern_1_AT (AutoDXT, 2048X2048)
[2020.10.22-02.20.03:492][783]LogTexture: Display: Building textures: TX_Hangingmoss_AT (AutoDXT, 2048X2048)
[2020.10.22-02.20.03:492][783]LogMaterial: Display: Missing cached shader map for material MM_Foliage_Wind, compiling. 
[2020.10.22-02.20.11:857][783]LogShaderCompilers: Display: Worker (1/3): shaders left to compile 261
[2020.10.22-02.20.11:857][783]LogShaderCompilers: Display: Worker (3/3): shaders left to compile 251
[2020.10.22-02.20.11:857][783]LogTexture: Display: Building textures: TX_Fern_2_N (BC5, 2048X2048)
[2020.10.22-02.20.11:857][783]LogTexture: Display: Building textures: TX_Fern_2_AT (AutoDXT, 2048X2048)
[2020.10.22-02.20.11:857][783]LogShaderCompilers: Display: Worker (2/3): shaders left to compile 241
[2020.10.22-02.20.11:857][783]LogTexture: Display: Building textures: TX_Fern_1_RSAO (AutoDXT, 2048X2048)
[2020.10.22-02.20.18:540][783]LogShaderCompilers: Display: Worker (1/3): shaders left to compile 231
[2020.10.22-02.20.18:540][783]LogTexture: Display: Building textures: TX_Fern_3_N (BC5, 2048X2048)
[2020.10.22-02.20.18:540][783]LogTexture: Display: Building textures: TX_Fern_3_AT (AutoDXT, 2048X2048)
[2020.10.22-02.20.18:540][783]LogShaderCompilers: Display: Worker (2/3): shaders left to compile 221
[2020.10.22-02.20.18:540][783]LogShaderCompilers: Display: Worker (3/3): shaders left to compile 211
[2020.10.22-02.20.21:863][783]LogTexture: Display: Building textures: TX_Grass_E (AutoDXT, 2048X2048)
[2020.10.22-02.20.21:863][783]LogTexture: Display: Building textures: TX_Grass_N (BC5, 4096X4096)
[2020.10.22-02.20.21:863][783]LogTexture: Display: Building textures: TX_Grass_AT (AutoDXT, 2048X2048)
[2020.10.22-02.20.22:805][783]LogTexture: Display: Building textures: TX_Ivy_N (BC5, 512X512)
[2020.10.22-02.20.22:805][783]LogTexture: Display: Building textures: TX_Ivy_RSAO (AutoDXT, 512X512)
[2020.10.22-02.20.22:805][783]LogTexture: Display: Building textures: TX_Ivy_AT (AutoDXT, 512X512)
[2020.10.22-02.20.22:805][783]LogMaterial: Display: Missing cached shader map for material MM_Landscape_MHA_Displace, compiling. 
[2020.10.22-02.20.24:479][783]LogTexture: Display: Building textures: TX_Mud_RHA (AutoDXT, 2048X2048)
[2020.10.22-02.20.24:479][783]LogShaderCompilers: Display: Worker (1/3): shaders left to compile 278
[2020.10.22-02.20.24:479][783]LogTexture: Display: Building textures: TX_DirtRock_AT (AutoDXT, 2048X2048)
